2021-06-03 15:49:23.613  INFO 1872 --- [restartedMain] XzsApplication          : Starting XzsApplication on DESKTOP-5S05IHQ with PID 1872 (C:\Users\WYH\Desktop\backend\xzs\target\classes started by WYH in C:\Users\WYH\Desktop\backend\xzs)
2021-06-03 15:49:23.615  INFO 1872 --- [restartedMain] XzsApplication          : The following profiles are active: dev
2021-06-03 15:49:23.674  INFO 1872 --- [restartedMain] .e.DevToolsPropertyDefaultsPostProcessor : Devtools property defaults active! Set 'spring.devtools.add-properties' to 'false' to disable
2021-06-03 15:49:23.674  INFO 1872 --- [restartedMain] .e.DevToolsPropertyDefaultsPostProcessor : For additional web related logging consider setting the 'logging.level.web' property to 'DEBUG'
2021-06-03 15:49:24.413  INFO 1872 --- [restartedMain] .s.d.r.c.RepositoryConfigurationDelegate : Multiple Spring Data modules found, entering strict repository configuration mode!
2021-06-03 15:49:24.415  INFO 1872 --- [restartedMain] .s.d.r.c.RepositoryConfigurationDelegate : Bootstrapping Spring Data repositories in DEFAULT mode.
2021-06-03 15:49:24.474  INFO 1872 --- [restartedMain] .s.d.r.c.RepositoryConfigurationDelegate : Finished Spring Data repository scanning in 46ms. Found 0 repository interfaces.
2021-06-03 15:49:24.777  INFO 1872 --- [restartedMain] trationDelegate$BeanPostProcessorChecker : Bean 'cacheConfig' of type [CacheConfig$$EnhancerBySpringCGLIB$$8dbd5393] is not eligible for getting processed by all BeanPostProcessors (for example: not eligible for auto-proxying)
2021-06-03 15:49:24.783  INFO 1872 --- [restartedMain] trationDelegate$BeanPostProcessorChecker : Bean 'org.springframework.transaction.annotation.ProxyTransactionManagementConfiguration' of type [org.springframework.transaction.annotation.ProxyTransactionManagementConfiguration$$EnhancerBySpringCGLIB$$b4794352] is not eligible for getting processed by all BeanPostProcessors (for example: not eligible for auto-proxying)
2021-06-03 15:49:25.061  WARN 1872 --- [restartedMain] io.undertow.websockets.jsr               : UT026010: Buffer pool was not set on WebSocketDeploymentInfo, the default pool will be used
2021-06-03 15:49:25.085  INFO 1872 --- [restartedMain] io.undertow.servlet                      : Initializing Spring embedded WebApplicationContext
2021-06-03 15:49:25.085  INFO 1872 --- [restartedMain] o.s.web.context.ContextLoader            : Root WebApplicationContext: initialization completed in 1411 ms
2021-06-03 15:49:26.092  INFO 1872 --- [restartedMain] o.s.s.web.DefaultSecurityFilterChain     : Creating filter chain: any request, [org.springframework.security.web.context.request.async.WebAsyncManagerIntegrationFilter@1aabfd1f, org.springframework.security.web.context.SecurityContextPersistenceFilter@3c291a37, org.springframework.security.web.header.HeaderWriterFilter@6ed5b045, org.springframework.web.filter.CorsFilter@2f23dc6e, org.springframework.security.web.authentication.logout.LogoutFilter@49db7a14, RestLoginAuthenticationFilter@5efd1592, org.springframework.security.web.authentication.UsernamePasswordAuthenticationFilter@48cd8586, org.springframework.security.web.savedrequest.RequestCacheAwareFilter@d3fa8ad, org.springframework.security.web.servletapi.SecurityContextHolderAwareRequestFilter@6f13e839, org.springframework.security.web.authentication.rememberme.RememberMeAuthenticationFilter@4806ff5, org.springframework.security.web.authentication.AnonymousAuthenticationFilter@5cc7fb46, org.springframework.security.web.session.SessionManagementFilter@5fd91f1a, org.springframework.security.web.access.ExceptionTranslationFilter@6ca652b3, org.springframework.security.web.access.intercept.FilterSecurityInterceptor@7c621814]
2021-06-03 15:49:26.499  INFO 1872 --- [restartedMain] io.lettuce.core.EpollProvider            : Starting without optional epoll library
2021-06-03 15:49:26.500  INFO 1872 --- [restartedMain] io.lettuce.core.KqueueProvider           : Starting without optional kqueue library
2021-06-03 15:49:26.945  INFO 1872 --- [restartedMain] o.s.b.d.a.OptionalLiveReloadServer       : LiveReload server is running on port 35729
2021-06-03 15:49:27.560  INFO 1872 --- [restartedMain] s.a.ScheduledAnnotationBeanPostProcessor : No TaskScheduler/ScheduledExecutorService bean found for scheduled processing
2021-06-03 15:49:27.595  INFO 1872 --- [restartedMain] org.xnio                                 : XNIO version 3.3.8.Final
2021-06-03 15:49:27.606  INFO 1872 --- [restartedMain] org.xnio.nio                             : XNIO NIO Implementation Version 3.3.8.Final
2021-06-03 15:49:27.657  INFO 1872 --- [restartedMain] o.s.b.w.e.u.UndertowServletWebServer     : Undertow started on port(s) 8000 (http) with context path ''
2021-06-03 15:49:27.659  INFO 1872 --- [restartedMain] XzsApplication          : Started XzsApplication in 4.478 seconds (JVM running for 5.279)
2021-06-03 16:20:31.517  INFO 7396 --- [restartedMain] XzsApplication          : Starting XzsApplication on DESKTOP-5S05IHQ with PID 7396 (C:\Users\WYH\Desktop\backend\xzs\target\classes started by WYH in C:\Users\WYH\Desktop\backend\xzs)
2021-06-03 16:20:31.517  INFO 7396 --- [restartedMain] XzsApplication          : The following profiles are active: dev
2021-06-03 16:20:31.579  INFO 7396 --- [restartedMain] .e.DevToolsPropertyDefaultsPostProcessor : Devtools property defaults active! Set 'spring.devtools.add-properties' to 'false' to disable
2021-06-03 16:20:31.579  INFO 7396 --- [restartedMain] .e.DevToolsPropertyDefaultsPostProcessor : For additional web related logging consider setting the 'logging.level.web' property to 'DEBUG'
2021-06-03 16:20:32.239  INFO 7396 --- [restartedMain] .s.d.r.c.RepositoryConfigurationDelegate : Multiple Spring Data modules found, entering strict repository configuration mode!
2021-06-03 16:20:32.239  INFO 7396 --- [restartedMain] .s.d.r.c.RepositoryConfigurationDelegate : Bootstrapping Spring Data repositories in DEFAULT mode.
2021-06-03 16:20:32.301  INFO 7396 --- [restartedMain] .s.d.r.c.RepositoryConfigurationDelegate : Finished Spring Data repository scanning in 47ms. Found 0 repository interfaces.
2021-06-03 16:20:32.607  INFO 7396 --- [restartedMain] trationDelegate$BeanPostProcessorChecker : Bean 'cacheConfig' of type [CacheConfig$$EnhancerBySpringCGLIB$$86abac94] is not eligible for getting processed by all BeanPostProcessors (for example: not eligible for auto-proxying)
2021-06-03 16:20:32.607  INFO 7396 --- [restartedMain] trationDelegate$BeanPostProcessorChecker : Bean 'org.springframework.transaction.annotation.ProxyTransactionManagementConfiguration' of type [org.springframework.transaction.annotation.ProxyTransactionManagementConfiguration$$EnhancerBySpringCGLIB$$ad679c53] is not eligible for getting processed by all BeanPostProcessors (for example: not eligible for auto-proxying)
2021-06-03 16:20:32.827  WARN 7396 --- [restartedMain] io.undertow.websockets.jsr               : UT026010: Buffer pool was not set on WebSocketDeploymentInfo, the default pool will be used
2021-06-03 16:20:32.843  INFO 7396 --- [restartedMain] io.undertow.servlet                      : Initializing Spring embedded WebApplicationContext
2021-06-03 16:20:32.843  INFO 7396 --- [restartedMain] o.s.web.context.ContextLoader            : Root WebApplicationContext: initialization completed in 1264 ms
2021-06-03 16:20:33.808  INFO 7396 --- [restartedMain] o.s.s.web.DefaultSecurityFilterChain     : Creating filter chain: any request, [org.springframework.security.web.context.request.async.WebAsyncManagerIntegrationFilter@1e625b2e, org.springframework.security.web.context.SecurityContextPersistenceFilter@6cc05d8d, org.springframework.security.web.header.HeaderWriterFilter@453b189f, org.springframework.web.filter.CorsFilter@65b8122f, org.springframework.security.web.authentication.logout.LogoutFilter@3e6112e2, RestLoginAuthenticationFilter@439d5db8, org.springframework.security.web.authentication.UsernamePasswordAuthenticationFilter@1bf1751a, org.springframework.security.web.savedrequest.RequestCacheAwareFilter@49f77584, org.springframework.security.web.servletapi.SecurityContextHolderAwareRequestFilter@7d302030, org.springframework.security.web.authentication.rememberme.RememberMeAuthenticationFilter@6747eb92, org.springframework.security.web.authentication.AnonymousAuthenticationFilter@5d7c4a50, org.springframework.security.web.session.SessionManagementFilter@2774dbf0, org.springframework.security.web.access.ExceptionTranslationFilter@287fb35, org.springframework.security.web.access.intercept.FilterSecurityInterceptor@49283e29]
2021-06-03 16:20:34.106  INFO 7396 --- [restartedMain] io.lettuce.core.EpollProvider            : Starting without optional epoll library
2021-06-03 16:20:34.106  INFO 7396 --- [restartedMain] io.lettuce.core.KqueueProvider           : Starting without optional kqueue library
2021-06-03 16:20:34.491  INFO 7396 --- [restartedMain] o.s.b.d.a.OptionalLiveReloadServer       : LiveReload server is running on port 35729
2021-06-03 16:20:35.102  INFO 7396 --- [restartedMain] s.a.ScheduledAnnotationBeanPostProcessor : No TaskScheduler/ScheduledExecutorService bean found for scheduled processing
2021-06-03 16:20:35.118  INFO 7396 --- [restartedMain] org.xnio                                 : XNIO version 3.3.8.Final
2021-06-03 16:20:35.133  INFO 7396 --- [restartedMain] org.xnio.nio                             : XNIO NIO Implementation Version 3.3.8.Final
2021-06-03 16:20:35.164  INFO 7396 --- [restartedMain] o.s.b.w.e.u.UndertowServletWebServer     : Undertow started on port(s) 8000 (http) with context path ''
2021-06-03 16:20:35.164  INFO 7396 --- [restartedMain] XzsApplication          : Started XzsApplication in 4.03 seconds (JVM running for 4.71)
2021-06-03 16:30:03.601  INFO 10448 --- [restartedMain] com.HHStudy.npustudy.XzsApplication      : Starting XzsApplication on DESKTOP-5S05IHQ with PID 10448 (C:\Users\WYH\Desktop\backend\xzs\target\classes started by WYH in C:\Users\WYH\Desktop\backend\xzs)
2021-06-03 16:30:03.601  INFO 10448 --- [restartedMain] com.HHStudy.npustudy.XzsApplication      : The following profiles are active: dev
2021-06-03 16:30:03.679  INFO 10448 --- [restartedMain] .e.DevToolsPropertyDefaultsPostProcessor : Devtools property defaults active! Set 'spring.devtools.add-properties' to 'false' to disable
2021-06-03 16:30:03.679  INFO 10448 --- [restartedMain] .e.DevToolsPropertyDefaultsPostProcessor : For additional web related logging consider setting the 'logging.level.web' property to 'DEBUG'
2021-06-03 16:30:04.329  INFO 10448 --- [restartedMain] .s.d.r.c.RepositoryConfigurationDelegate : Multiple Spring Data modules found, entering strict repository configuration mode!
2021-06-03 16:30:04.329  INFO 10448 --- [restartedMain] .s.d.r.c.RepositoryConfigurationDelegate : Bootstrapping Spring Data repositories in DEFAULT mode.
2021-06-03 16:30:04.377  INFO 10448 --- [restartedMain] .s.d.r.c.RepositoryConfigurationDelegate : Finished Spring Data repository scanning in 48ms. Found 0 repository interfaces.
2021-06-03 16:30:04.678  INFO 10448 --- [restartedMain] trationDelegate$BeanPostProcessorChecker : Bean 'cacheConfig' of type [com.HHStudy.npustudy.configuration.spring.cache.CacheConfig$$EnhancerBySpringCGLIB$$ed27198f] is not eligible for getting processed by all BeanPostProcessors (for example: not eligible for auto-proxying)
2021-06-03 16:30:04.678  INFO 10448 --- [restartedMain] trationDelegate$BeanPostProcessorChecker : Bean 'org.springframework.transaction.annotation.ProxyTransactionManagementConfiguration' of type [org.springframework.transaction.annotation.ProxyTransactionManagementConfiguration$$EnhancerBySpringCGLIB$$5bff39d5] is not eligible for getting processed by all BeanPostProcessors (for example: not eligible for auto-proxying)
2021-06-03 16:30:04.898  WARN 10448 --- [restartedMain] io.undertow.websockets.jsr               : UT026010: Buffer pool was not set on WebSocketDeploymentInfo, the default pool will be used
2021-06-03 16:30:04.914  INFO 10448 --- [restartedMain] io.undertow.servlet                      : Initializing Spring embedded WebApplicationContext
2021-06-03 16:30:04.914  INFO 10448 --- [restartedMain] o.s.web.context.ContextLoader            : Root WebApplicationContext: initialization completed in 1235 ms
2021-06-03 16:30:06.004  INFO 10448 --- [restartedMain] o.s.s.web.DefaultSecurityFilterChain     : Creating filter chain: any request, [org.springframework.security.web.context.request.async.WebAsyncManagerIntegrationFilter@6f53032e, org.springframework.security.web.context.SecurityContextPersistenceFilter@1a2b417b, org.springframework.security.web.header.HeaderWriterFilter@3161c2fb, org.springframework.web.filter.CorsFilter@23b34829, org.springframework.security.web.authentication.logout.LogoutFilter@67239c2, com.HHStudy.npustudy.configuration.spring.security.RestLoginAuthenticationFilter@28e67061, org.springframework.security.web.authentication.UsernamePasswordAuthenticationFilter@1a36f526, org.springframework.security.web.savedrequest.RequestCacheAwareFilter@3bb45557, org.springframework.security.web.servletapi.SecurityContextHolderAwareRequestFilter@1a0dfc0d, org.springframework.security.web.authentication.rememberme.RememberMeAuthenticationFilter@7874db30, org.springframework.security.web.authentication.AnonymousAuthenticationFilter@2edcc319, org.springframework.security.web.session.SessionManagementFilter@353c9293, org.springframework.security.web.access.ExceptionTranslationFilter@76307be3, org.springframework.security.web.access.intercept.FilterSecurityInterceptor@20646d23]
2021-06-03 16:30:06.334  INFO 10448 --- [restartedMain] io.lettuce.core.EpollProvider            : Starting without optional epoll library
2021-06-03 16:30:06.334  INFO 10448 --- [restartedMain] io.lettuce.core.KqueueProvider           : Starting without optional kqueue library
2021-06-03 16:30:06.725  INFO 10448 --- [restartedMain] o.s.b.d.a.OptionalLiveReloadServer       : LiveReload server is running on port 35729
2021-06-03 16:30:07.329  INFO 10448 --- [restartedMain] s.a.ScheduledAnnotationBeanPostProcessor : No TaskScheduler/ScheduledExecutorService bean found for scheduled processing
2021-06-03 16:30:07.344  INFO 10448 --- [restartedMain] org.xnio                                 : XNIO version 3.3.8.Final
2021-06-03 16:30:07.360  INFO 10448 --- [restartedMain] org.xnio.nio                             : XNIO NIO Implementation Version 3.3.8.Final
2021-06-03 16:30:07.391  INFO 10448 --- [restartedMain] o.s.b.w.e.u.UndertowServletWebServer     : Undertow started on port(s) 8000 (http) with context path ''
2021-06-03 16:30:07.391  INFO 10448 --- [restartedMain] com.HHStudy.npustudy.XzsApplication      : Started XzsApplication in 4.149 seconds (JVM running for 4.984)
2021-06-03 16:40:00.447  INFO 8116 --- [restartedMain] c.HHStudy.npustudy.NPUStudyApplication   : Starting NPUStudyApplication on DESKTOP-5S05IHQ with PID 8116 (C:\Users\WYH\Desktop\backend\xzs\target\classes started by WYH in C:\Users\WYH\Desktop\backend\xzs)
2021-06-03 16:40:00.447  INFO 8116 --- [restartedMain] c.HHStudy.npustudy.NPUStudyApplication   : The following profiles are active: dev
2021-06-03 16:40:00.494  INFO 8116 --- [restartedMain] .e.DevToolsPropertyDefaultsPostProcessor : Devtools property defaults active! Set 'spring.devtools.add-properties' to 'false' to disable
2021-06-03 16:40:00.494  INFO 8116 --- [restartedMain] .e.DevToolsPropertyDefaultsPostProcessor : For additional web related logging consider setting the 'logging.level.web' property to 'DEBUG'
2021-06-03 16:40:01.214  INFO 8116 --- [restartedMain] .s.d.r.c.RepositoryConfigurationDelegate : Multiple Spring Data modules found, entering strict repository configuration mode!
2021-06-03 16:40:01.214  INFO 8116 --- [restartedMain] .s.d.r.c.RepositoryConfigurationDelegate : Bootstrapping Spring Data repositories in DEFAULT mode.
2021-06-03 16:40:01.277  INFO 8116 --- [restartedMain] .s.d.r.c.RepositoryConfigurationDelegate : Finished Spring Data repository scanning in 47ms. Found 0 repository interfaces.
2021-06-03 16:40:01.567  INFO 8116 --- [restartedMain] trationDelegate$BeanPostProcessorChecker : Bean 'cacheConfig' of type [com.HHStudy.npustudy.configuration.spring.cache.CacheConfig$$EnhancerBySpringCGLIB$$602cbd10] is not eligible for getting processed by all BeanPostProcessors (for example: not eligible for auto-proxying)
2021-06-03 16:40:01.567  INFO 8116 --- [restartedMain] trationDelegate$BeanPostProcessorChecker : Bean 'org.springframework.transaction.annotation.ProxyTransactionManagementConfiguration' of type [org.springframework.transaction.annotation.ProxyTransactionManagementConfiguration$$EnhancerBySpringCGLIB$$cf04dd56] is not eligible for getting processed by all BeanPostProcessors (for example: not eligible for auto-proxying)
2021-06-03 16:40:01.795  WARN 8116 --- [restartedMain] io.undertow.websockets.jsr               : UT026010: Buffer pool was not set on WebSocketDeploymentInfo, the default pool will be used
2021-06-03 16:40:01.811  INFO 8116 --- [restartedMain] io.undertow.servlet                      : Initializing Spring embedded WebApplicationContext
2021-06-03 16:40:01.811  INFO 8116 --- [restartedMain] o.s.web.context.ContextLoader            : Root WebApplicationContext: initialization completed in 1317 ms
2021-06-03 16:40:02.762  INFO 8116 --- [restartedMain] o.s.s.web.DefaultSecurityFilterChain     : Creating filter chain: any request, [org.springframework.security.web.context.request.async.WebAsyncManagerIntegrationFilter@34f74cd4, org.springframework.security.web.context.SecurityContextPersistenceFilter@4e425b79, org.springframework.security.web.header.HeaderWriterFilter@7454b23, org.springframework.web.filter.CorsFilter@16f45a7a, org.springframework.security.web.authentication.logout.LogoutFilter@126d24, com.HHStudy.npustudy.configuration.spring.security.RestLoginAuthenticationFilter@17cc4b94, org.springframework.security.web.authentication.UsernamePasswordAuthenticationFilter@116043ff, org.springframework.security.web.savedrequest.RequestCacheAwareFilter@2299a1d4, org.springframework.security.web.servletapi.SecurityContextHolderAwareRequestFilter@190f55cd, org.springframework.security.web.authentication.rememberme.RememberMeAuthenticationFilter@22509ba, org.springframework.security.web.authentication.AnonymousAuthenticationFilter@b6a26c6, org.springframework.security.web.session.SessionManagementFilter@6e7efaaa, org.springframework.security.web.access.ExceptionTranslationFilter@da56d5c, org.springframework.security.web.access.intercept.FilterSecurityInterceptor@671500a8]
2021-06-03 16:40:03.097  INFO 8116 --- [restartedMain] io.lettuce.core.EpollProvider            : Starting without optional epoll library
2021-06-03 16:40:03.097  INFO 8116 --- [restartedMain] io.lettuce.core.KqueueProvider           : Starting without optional kqueue library
2021-06-03 16:40:03.567  INFO 8116 --- [restartedMain] o.s.b.d.a.OptionalLiveReloadServer       : LiveReload server is running on port 35729
2021-06-03 16:40:04.180  INFO 8116 --- [restartedMain] s.a.ScheduledAnnotationBeanPostProcessor : No TaskScheduler/ScheduledExecutorService bean found for scheduled processing
2021-06-03 16:40:04.212  INFO 8116 --- [restartedMain] org.xnio                                 : XNIO version 3.3.8.Final
2021-06-03 16:40:04.212  INFO 8116 --- [restartedMain] org.xnio.nio                             : XNIO NIO Implementation Version 3.3.8.Final
2021-06-03 16:40:04.274  INFO 8116 --- [restartedMain] o.s.b.w.e.u.UndertowServletWebServer     : Undertow started on port(s) 8000 (http) with context path ''
2021-06-03 16:40:04.274  INFO 8116 --- [restartedMain] c.HHStudy.npustudy.NPUStudyApplication   : Started NPUStudyApplication in 4.197 seconds (JVM running for 5.229)
