2021-06-04 09:23:46.467  INFO 15052 --- [restartedMain] c.HHStudy.npustudy.NPUStudyApplication   : Starting NPUStudyApplication on DESKTOP-5S05IHQ with PID 15052 (C:\Users\WYH\Desktop\backend\NPUStudyBackend\target\classes started by WYH in C:\Users\WYH\Desktop\backend\NPUStudyBackend)
2021-06-04 09:23:46.467  INFO 15052 --- [restartedMain] c.HHStudy.npustudy.NPUStudyApplication   : The following profiles are active: dev
2021-06-04 09:23:46.513  INFO 15052 --- [restartedMain] .e.DevToolsPropertyDefaultsPostProcessor : Devtools property defaults active! Set 'spring.devtools.add-properties' to 'false' to disable
2021-06-04 09:23:46.513  INFO 15052 --- [restartedMain] .e.DevToolsPropertyDefaultsPostProcessor : For additional web related logging consider setting the 'logging.level.web' property to 'DEBUG'
2021-06-04 09:23:47.276  INFO 15052 --- [restartedMain] .s.d.r.c.RepositoryConfigurationDelegate : Multiple Spring Data modules found, entering strict repository configuration mode!
2021-06-04 09:23:47.278  INFO 15052 --- [restartedMain] .s.d.r.c.RepositoryConfigurationDelegate : Bootstrapping Spring Data repositories in DEFAULT mode.
2021-06-04 09:23:47.342  INFO 15052 --- [restartedMain] .s.d.r.c.RepositoryConfigurationDelegate : Finished Spring Data repository scanning in 51ms. Found 0 repository interfaces.
2021-06-04 09:23:47.664  INFO 15052 --- [restartedMain] trationDelegate$BeanPostProcessorChecker : Bean 'cacheConfig' of type [com.HHStudy.npustudy.configuration.spring.cache.CacheConfig$$EnhancerBySpringCGLIB$$c2cf3e27] is not eligible for getting processed by all BeanPostProcessors (for example: not eligible for auto-proxying)
2021-06-04 09:23:47.670  INFO 15052 --- [restartedMain] trationDelegate$BeanPostProcessorChecker : Bean 'org.springframework.transaction.annotation.ProxyTransactionManagementConfiguration' of type [org.springframework.transaction.annotation.ProxyTransactionManagementConfiguration$$EnhancerBySpringCGLIB$$31a75e6d] is not eligible for getting processed by all BeanPostProcessors (for example: not eligible for auto-proxying)
2021-06-04 09:23:47.920  WARN 15052 --- [restartedMain] io.undertow.websockets.jsr               : UT026010: Buffer pool was not set on WebSocketDeploymentInfo, the default pool will be used
2021-06-04 09:23:47.938  INFO 15052 --- [restartedMain] io.undertow.servlet                      : Initializing Spring embedded WebApplicationContext
2021-06-04 09:23:47.939  INFO 15052 --- [restartedMain] o.s.web.context.ContextLoader            : Root WebApplicationContext: initialization completed in 1426 ms
2021-06-04 09:23:48.945  INFO 15052 --- [restartedMain] o.s.s.web.DefaultSecurityFilterChain     : Creating filter chain: any request, [org.springframework.security.web.context.request.async.WebAsyncManagerIntegrationFilter@50cba53b, org.springframework.security.web.context.SecurityContextPersistenceFilter@353c9293, org.springframework.security.web.header.HeaderWriterFilter@76307be3, org.springframework.web.filter.CorsFilter@97e3c3e, org.springframework.security.web.authentication.logout.LogoutFilter@199e8477, com.HHStudy.npustudy.configuration.spring.security.RestLoginAuthenticationFilter@2e35db7e, org.springframework.security.web.authentication.UsernamePasswordAuthenticationFilter@148e7e40, org.springframework.security.web.savedrequest.RequestCacheAwareFilter@1a2b417b, org.springframework.security.web.servletapi.SecurityContextHolderAwareRequestFilter@493cb36d, org.springframework.security.web.authentication.rememberme.RememberMeAuthenticationFilter@1a36f526, org.springframework.security.web.authentication.AnonymousAuthenticationFilter@6f53032e, org.springframework.security.web.session.SessionManagementFilter@3161c2fb, org.springframework.security.web.access.ExceptionTranslationFilter@5fdeb088, org.springframework.security.web.access.intercept.FilterSecurityInterceptor@75d16a52]
2021-06-04 09:23:49.289  INFO 15052 --- [restartedMain] io.lettuce.core.EpollProvider            : Starting without optional epoll library
2021-06-04 09:23:49.289  INFO 15052 --- [restartedMain] io.lettuce.core.KqueueProvider           : Starting without optional kqueue library
2021-06-04 09:23:49.680  INFO 15052 --- [restartedMain] o.s.b.d.a.OptionalLiveReloadServer       : LiveReload server is running on port 35729
2021-06-04 09:23:50.289  INFO 15052 --- [restartedMain] s.a.ScheduledAnnotationBeanPostProcessor : No TaskScheduler/ScheduledExecutorService bean found for scheduled processing
2021-06-04 09:23:50.320  INFO 15052 --- [restartedMain] org.xnio                                 : XNIO version 3.3.8.Final
2021-06-04 09:23:50.320  INFO 15052 --- [restartedMain] org.xnio.nio                             : XNIO NIO Implementation Version 3.3.8.Final
2021-06-04 09:23:50.367  INFO 15052 --- [restartedMain] o.s.b.w.e.u.UndertowServletWebServer     : Undertow started on port(s) 8000 (http) with context path ''
2021-06-04 09:23:50.383  INFO 15052 --- [restartedMain] c.HHStudy.npustudy.NPUStudyApplication   : Started NPUStudyApplication in 4.323 seconds (JVM running for 5.102)
2021-06-04 09:23:57.870  INFO 15052 --- [XNIO-1 task-2] io.undertow.servlet                      : Initializing Spring DispatcherServlet 'dispatcherServlet'
2021-06-04 09:23:57.871  INFO 15052 --- [XNIO-1 task-2] o.s.web.servlet.DispatcherServlet        : Initializing Servlet 'dispatcherServlet'
2021-06-04 09:23:57.878  INFO 15052 --- [XNIO-1 task-2] o.s.web.servlet.DispatcherServlet        : Completed initialization in 7 ms
2021-06-04 09:23:57.953  INFO 15052 --- [XNIO-1 task-1] com.zaxxer.hikari.HikariDataSource       : HikariPool-1 - Starting...
2021-06-04 09:23:58.290  INFO 15052 --- [XNIO-1 task-1] com.zaxxer.hikari.HikariDataSource       : HikariPool-1 - Start completed.
2021-06-04 09:23:58.296 DEBUG 15052 --- [XNIO-1 task-1] r.c.H.n.r.UserTokenMapper.getToken       : ==>  Preparing: select id, token, user_id, wx_open_id, create_time, end_time, user_name from t_user_token where token = ? order by id desc limit 1 
2021-06-04 09:23:58.296 DEBUG 15052 --- [XNIO-1 task-2] r.c.H.n.r.UserTokenMapper.getToken       : ==>  Preparing: select id, token, user_id, wx_open_id, create_time, end_time, user_name from t_user_token where token = ? order by id desc limit 1 
2021-06-04 09:23:58.314 DEBUG 15052 --- [XNIO-1 task-2] r.c.H.n.r.UserTokenMapper.getToken       : ==> Parameters: 70ffea33-0c0c-458b-a779-2933e8ca8557(String)
2021-06-04 09:23:58.314 DEBUG 15052 --- [XNIO-1 task-1] r.c.H.n.r.UserTokenMapper.getToken       : ==> Parameters: 70ffea33-0c0c-458b-a779-2933e8ca8557(String)
2021-06-04 09:23:58.342 DEBUG 15052 --- [XNIO-1 task-2] r.c.H.n.r.UserTokenMapper.getToken       : <==      Total: 1
2021-06-04 09:23:58.342 DEBUG 15052 --- [XNIO-1 task-1] r.c.H.n.r.UserTokenMapper.getToken       : <==      Total: 1
2021-06-04 09:23:58.355 DEBUG 15052 --- [XNIO-1 task-1] r.c.H.n.r.UserMapper.getUserByUserName   : ==>  Preparing: select id, user_uuid, user_name, password, real_name, age, sex, birth_day, user_level, phone, role, status, image_path, create_time, modify_time, last_active_time, deleted, wx_open_id from t_user where deleted=0 and user_name=? limit 1 
2021-06-04 09:23:58.355 DEBUG 15052 --- [XNIO-1 task-2] r.c.H.n.r.UserMapper.getUserByUserName   : ==>  Preparing: select id, user_uuid, user_name, password, real_name, age, sex, birth_day, user_level, phone, role, status, image_path, create_time, modify_time, last_active_time, deleted, wx_open_id from t_user where deleted=0 and user_name=? limit 1 
2021-06-04 09:23:58.355 DEBUG 15052 --- [XNIO-1 task-1] r.c.H.n.r.UserMapper.getUserByUserName   : ==> Parameters: student(String)
2021-06-04 09:23:58.355 DEBUG 15052 --- [XNIO-1 task-2] r.c.H.n.r.UserMapper.getUserByUserName   : ==> Parameters: student(String)
2021-06-04 09:23:58.360 DEBUG 15052 --- [XNIO-1 task-2] r.c.H.n.r.UserMapper.getUserByUserName   : <==      Total: 1
2021-06-04 09:23:58.360 DEBUG 15052 --- [XNIO-1 task-1] r.c.H.n.r.UserMapper.getUserByUserName   : <==      Total: 1
2021-06-04 09:23:58.381 DEBUG 15052 --- [XNIO-1 task-2] r.c.H.n.r.U.updateByPrimaryKeySelective  : ==>  Preparing: update t_user SET user_uuid = ?, user_name = ?, password = ?, real_name = ?, age = ?, sex = ?, birth_day = ?, user_level = ?, phone = ?, role = ?, status = ?, image_path = ?, create_time = ?, modify_time = ?, deleted = ?, wx_open_id = ? where id = ? 
2021-06-04 09:23:58.381 DEBUG 15052 --- [XNIO-1 task-1] r.c.H.n.r.U.updateByPrimaryKeySelective  : ==>  Preparing: update t_user SET user_uuid = ?, user_name = ?, password = ?, real_name = ?, age = ?, sex = ?, birth_day = ?, user_level = ?, phone = ?, role = ?, status = ?, image_path = ?, create_time = ?, modify_time = ?, deleted = ?, wx_open_id = ? where id = ? 
2021-06-04 09:23:58.384 DEBUG 15052 --- [XNIO-1 task-2] r.c.H.n.r.U.updateByPrimaryKeySelective  : ==> Parameters: d2d29da2-dcb3-4013-b874-727626236f47(String), student(String), D1AGFL+Gx37t0NPG4d6biYP5Z31cNbwhK5w1lUeiHB2zagqbk8efYfSjYoh1Z/j1dkiRjHU+b0EpwzCh8IGsksJjzD65ci5LsnodQVf4Uj6D3pwoscXGqmkjjpzvSJbx42swwNTA+QoDU8YLo7JhtbUK2X0qCjFGpd+8eJ5BGvk=(String), 学生(String), 18(Integer), 1(Integer), 2019-09-01 16:00:00.0(Timestamp), 1(Integer), 19171171610(String), 1(Integer), 1(Integer), https://www.mindskip.net:9008/image/ba607a75-83ba-4530-8e23-660b72dc4953/头像.jpg(String), 2019-09-07 18:55:02.0(Timestamp), 2021-06-03 17:04:52.0(Timestamp), false(Boolean), oKqW-5cLv0VK8q04X-1DosJykMSM(String), 1(Integer)
2021-06-04 09:23:58.384 DEBUG 15052 --- [XNIO-1 task-1] r.c.H.n.r.U.updateByPrimaryKeySelective  : ==> Parameters: d2d29da2-dcb3-4013-b874-727626236f47(String), student(String), D1AGFL+Gx37t0NPG4d6biYP5Z31cNbwhK5w1lUeiHB2zagqbk8efYfSjYoh1Z/j1dkiRjHU+b0EpwzCh8IGsksJjzD65ci5LsnodQVf4Uj6D3pwoscXGqmkjjpzvSJbx42swwNTA+QoDU8YLo7JhtbUK2X0qCjFGpd+8eJ5BGvk=(String), 学生(String), 18(Integer), 1(Integer), 2019-09-01 16:00:00.0(Timestamp), 1(Integer), 19171171610(String), 1(Integer), 1(Integer), https://www.mindskip.net:9008/image/ba607a75-83ba-4530-8e23-660b72dc4953/头像.jpg(String), 2019-09-07 18:55:02.0(Timestamp), 2021-06-03 17:04:52.0(Timestamp), false(Boolean), oKqW-5cLv0VK8q04X-1DosJykMSM(String), 1(Integer)
2021-06-04 09:23:58.385 DEBUG 15052 --- [XNIO-1 task-2] r.c.H.n.r.U.updateByPrimaryKeySelective  : <==    Updates: 1
2021-06-04 09:23:58.385 DEBUG 15052 --- [XNIO-1 task-1] r.c.H.n.r.U.updateByPrimaryKeySelective  : <==    Updates: 1
2021-06-04 09:23:58.390 DEBUG 15052 --- [XNIO-1 task-2] r.c.H.n.r.U.insertSelective              : ==>  Preparing: insert into t_user_token ( token, user_id, wx_open_id, create_time, end_time, user_name ) values ( ?, ?, ?, ?, ?, ? ) 
2021-06-04 09:23:58.390 DEBUG 15052 --- [XNIO-1 task-1] r.c.H.n.r.U.insertSelective              : ==>  Preparing: insert into t_user_token ( token, user_id, wx_open_id, create_time, end_time, user_name ) values ( ?, ?, ?, ?, ?, ? ) 
2021-06-04 09:23:58.391 DEBUG 15052 --- [XNIO-1 task-1] r.c.H.n.r.U.insertSelective              : ==> Parameters: 5e0bdfd9-60f1-4818-8104-20dc7e8a0f59(String), 1(Integer), oKqW-5cLv0VK8q04X-1DosJykMSM(String), 2021-06-04 09:23:58.362(Timestamp), 2021-06-04 21:23:58.362(Timestamp), student(String)
2021-06-04 09:23:58.391 DEBUG 15052 --- [XNIO-1 task-2] r.c.H.n.r.U.insertSelective              : ==> Parameters: ec6a53e8-87e1-4a04-a7f0-49d3d2588eec(String), 1(Integer), oKqW-5cLv0VK8q04X-1DosJykMSM(String), 2021-06-04 09:23:58.362(Timestamp), 2021-06-04 21:23:58.362(Timestamp), student(String)
2021-06-04 09:23:58.395 DEBUG 15052 --- [XNIO-1 task-2] r.c.H.n.r.U.insertSelective              : <==    Updates: 1
2021-06-04 09:23:58.395 DEBUG 15052 --- [XNIO-1 task-1] r.c.H.n.r.U.insertSelective              : <==    Updates: 1
2021-06-04 09:23:58.492 DEBUG 15052 --- [XNIO-1 task-3] r.c.H.n.r.UserMapper.getUserByUserName   : ==>  Preparing: select id, user_uuid, user_name, password, real_name, age, sex, birth_day, user_level, phone, role, status, image_path, create_time, modify_time, last_active_time, deleted, wx_open_id from t_user where deleted=0 and user_name=? limit 1 
2021-06-04 09:23:58.492 DEBUG 15052 --- [XNIO-1 task-3] r.c.H.n.r.UserMapper.getUserByUserName   : ==> Parameters: student(String)
2021-06-04 09:23:58.492 DEBUG 15052 --- [XNIO-1 task-4] r.c.H.n.r.UserMapper.getUserByUserName   : ==>  Preparing: select id, user_uuid, user_name, password, real_name, age, sex, birth_day, user_level, phone, role, status, image_path, create_time, modify_time, last_active_time, deleted, wx_open_id from t_user where deleted=0 and user_name=? limit 1 
2021-06-04 09:23:58.492 DEBUG 15052 --- [XNIO-1 task-4] r.c.H.n.r.UserMapper.getUserByUserName   : ==> Parameters: student(String)
2021-06-04 09:23:58.493 DEBUG 15052 --- [XNIO-1 task-3] r.c.H.n.r.UserMapper.getUserByUserName   : <==      Total: 1
2021-06-04 09:23:58.493 DEBUG 15052 --- [XNIO-1 task-4] r.c.H.n.r.UserMapper.getUserByUserName   : <==      Total: 1
2021-06-04 09:23:58.501 DEBUG 15052 --- [XNIO-1 task-3] r.c.H.n.r.T.getByGradeLevel              : ==>  Preparing: select id, title, grade_level, frame_text_content_id, create_user, create_time, deleted, create_user_name from t_task_exam where deleted=0 and grade_level = ? 
2021-06-04 09:23:58.502 DEBUG 15052 --- [XNIO-1 task-3] r.c.H.n.r.T.getByGradeLevel              : ==> Parameters: 1(Integer)
2021-06-04 09:23:58.503 DEBUG 15052 --- [XNIO-1 task-4] r.c.H.n.r.ExamPaperMapper.indexPaper     : ==>  Preparing: SELECT id,name,limit_start_time,limit_end_time FROM t_exam_paper WHERE deleted=0 and paper_type= ? and grade_level=? ORDER BY id desc limit 5 
2021-06-04 09:23:58.504 DEBUG 15052 --- [XNIO-1 task-4] r.c.H.n.r.ExamPaperMapper.indexPaper     : ==> Parameters: 1(Integer), 1(Integer)
2021-06-04 09:23:58.505 DEBUG 15052 --- [XNIO-1 task-3] r.c.H.n.r.T.getByGradeLevel              : <==      Total: 0
2021-06-04 09:23:58.509 DEBUG 15052 --- [XNIO-1 task-4] r.c.H.n.r.ExamPaperMapper.indexPaper     : <==      Total: 0
2021-06-04 09:23:58.510 DEBUG 15052 --- [XNIO-1 task-4] r.c.H.n.r.ExamPaperMapper.indexPaper     : ==>  Preparing: SELECT id,name,limit_start_time,limit_end_time FROM t_exam_paper WHERE deleted=0 and paper_type= ? and grade_level=? and ? between limit_start_time and limit_end_time ORDER BY id desc limit 5 
2021-06-04 09:23:58.511 DEBUG 15052 --- [XNIO-1 task-4] r.c.H.n.r.ExamPaperMapper.indexPaper     : ==> Parameters: 4(Integer), 1(Integer), 2021-06-04 09:23:58.51(Timestamp)
2021-06-04 09:23:58.511 DEBUG 15052 --- [XNIO-1 task-4] r.c.H.n.r.ExamPaperMapper.indexPaper     : <==      Total: 0
2021-06-04 09:24:05.845 DEBUG 15052 --- [XNIO-1 task-6] r.c.H.n.r.UserMapper.selectByPrimaryKey  : ==>  Preparing: select id, user_uuid, user_name, password, real_name, age, sex, birth_day, user_level, phone, role, status, image_path, create_time, modify_time, last_active_time, deleted, wx_open_id from t_user where id = ? 
2021-06-04 09:24:05.845 DEBUG 15052 --- [XNIO-1 task-6] r.c.H.n.r.UserMapper.selectByPrimaryKey  : ==> Parameters: 1(Integer)
2021-06-04 09:24:05.846 DEBUG 15052 --- [XNIO-1 task-6] r.c.H.n.r.UserMapper.selectByPrimaryKey  : <==      Total: 1
2021-06-04 09:24:05.847 DEBUG 15052 --- [XNIO-1 task-6] r.c.H.n.r.UserMapper.updateByPrimaryKey  : ==>  Preparing: update t_user set user_uuid = ?, user_name = ?, password = ?, real_name = ?, age = ?, sex = ?, birth_day = ?, user_level = ?, phone = ?, role = ?, status = ?, image_path = ?, create_time = ?, modify_time = ?, last_active_time = ?, deleted = ?, wx_open_id = ? where id = ? 
2021-06-04 09:24:05.848 DEBUG 15052 --- [XNIO-1 task-6] r.c.H.n.r.UserMapper.updateByPrimaryKey  : ==> Parameters: d2d29da2-dcb3-4013-b874-727626236f47(String), student(String), D1AGFL+Gx37t0NPG4d6biYP5Z31cNbwhK5w1lUeiHB2zagqbk8efYfSjYoh1Z/j1dkiRjHU+b0EpwzCh8IGsksJjzD65ci5LsnodQVf4Uj6D3pwoscXGqmkjjpzvSJbx42swwNTA+QoDU8YLo7JhtbUK2X0qCjFGpd+8eJ5BGvk=(String), 学生(String), 18(Integer), 1(Integer), 2019-09-01 16:00:00.0(Timestamp), 1(Integer), 19171171610(String), 1(Integer), 1(Integer), https://www.mindskip.net:9008/image/ba607a75-83ba-4530-8e23-660b72dc4953/头像.jpg(String), 2019-09-07 18:55:02.0(Timestamp), 2021-06-04 09:24:05.847(Timestamp), null, false(Boolean), null, 1(Integer)
2021-06-04 09:24:05.849 DEBUG 15052 --- [XNIO-1 task-6] r.c.H.n.r.UserMapper.updateByPrimaryKey  : <==    Updates: 1
2021-06-04 09:24:05.851 DEBUG 15052 --- [XNIO-1 task-6] r.c.H.n.r.U.deleteByPrimaryKey           : ==>  Preparing: delete from t_user_token where id = ? 
2021-06-04 09:24:05.852 DEBUG 15052 --- [XNIO-1 task-6] r.c.H.n.r.U.deleteByPrimaryKey           : ==> Parameters: 4(Integer)
2021-06-04 09:24:05.853 DEBUG 15052 --- [XNIO-1 task-6] r.c.H.n.r.U.deleteByPrimaryKey           : <==    Updates: 1
2021-06-04 09:25:42.137 DEBUG 15052 --- [XNIO-1 task-11] r.c.H.n.r.UserMapper.getUserByUserName   : ==>  Preparing: select id, user_uuid, user_name, password, real_name, age, sex, birth_day, user_level, phone, role, status, image_path, create_time, modify_time, last_active_time, deleted, wx_open_id from t_user where deleted=0 and user_name=? limit 1 
2021-06-04 09:25:42.138 DEBUG 15052 --- [XNIO-1 task-11] r.c.H.n.r.UserMapper.getUserByUserName   : ==> Parameters: test(String)
2021-06-04 09:25:42.138 DEBUG 15052 --- [XNIO-1 task-11] r.c.H.n.r.UserMapper.getUserByUserName   : <==      Total: 0
2021-06-04 09:25:42.144 DEBUG 15052 --- [XNIO-1 task-11] r.c.H.n.r.UserMapper.insertSelective     : ==>  Preparing: insert into t_user ( user_uuid, user_name, password, user_level, role, status, create_time, last_active_time, deleted ) values ( ?, ?, ?, ?, ?, ?, ?, ?, ? ) 
2021-06-04 09:25:42.145 DEBUG 15052 --- [XNIO-1 task-11] r.c.H.n.r.UserMapper.insertSelective     : ==> Parameters: c194f9fb-aaf9-4d20-804a-7948f679da73(String), test(String), V7+CMR8FV9RfZHXS+PPfxia6QXegaiDCsmii82ZI4uMQ0RY42kZwqdG5tmBioKQNtjxhE/AgFSomkmS42TKuQIsZrfbfG97XQOK2dcwAoJgFTNoMdypq4tlqaGnvNDBFUJfVniciLP5WOghIvPHmXMKBzEtFVXIER+LYOOwCAuQ=(String), 1(Integer), 1(Integer), 1(Integer), 2021-06-04 09:25:42.143(Timestamp), 2021-06-04 09:25:42.143(Timestamp), false(Boolean)
2021-06-04 09:25:42.148 DEBUG 15052 --- [XNIO-1 task-11] r.c.H.n.r.UserMapper.insertSelective     : <==    Updates: 1
2021-06-04 09:25:42.151 DEBUG 15052 --- [XNIO-1 task-11] r.c.H.n.r.U.insertSelective              : ==>  Preparing: insert into t_user_event_log ( user_id, user_name, content, create_time ) values ( ?, ?, ?, ? ) 
2021-06-04 09:25:42.151 DEBUG 15052 --- [XNIO-1 task-11] r.c.H.n.r.U.insertSelective              : ==> Parameters: 3(Integer), test(String), 欢迎 test 注册来到学之思开源考试系统(String), 2021-06-04 09:25:42.149(Timestamp)
2021-06-04 09:25:42.156 DEBUG 15052 --- [XNIO-1 task-11] r.c.H.n.r.U.insertSelective              : <==    Updates: 1
2021-06-04 09:44:35.288 DEBUG 15052 --- [XNIO-1 task-18] r.c.H.n.r.UserMapper.selectByWxOpenId    : ==>  Preparing: select id, user_uuid, user_name, password, real_name, age, sex, birth_day, user_level, phone, role, status, image_path, create_time, modify_time, last_active_time, deleted, wx_open_id from t_user where deleted=0 and wx_open_id = ? limit 1 
2021-06-04 09:44:35.289 DEBUG 15052 --- [XNIO-1 task-18] r.c.H.n.r.UserMapper.selectByWxOpenId    : ==> Parameters: oKqW-5cLv0VK8q04X-1DosJykMSM(String)
2021-06-04 09:44:35.290 DEBUG 15052 --- [XNIO-1 task-18] r.c.H.n.r.UserMapper.selectByWxOpenId    : <==      Total: 0
2021-06-04 09:44:42.626 DEBUG 15052 --- [XNIO-1 task-19] r.c.H.n.r.UserMapper.getUserByUserName   : ==>  Preparing: select id, user_uuid, user_name, password, real_name, age, sex, birth_day, user_level, phone, role, status, image_path, create_time, modify_time, last_active_time, deleted, wx_open_id from t_user where deleted=0 and user_name=? limit 1 
2021-06-04 09:44:42.626 DEBUG 15052 --- [XNIO-1 task-19] r.c.H.n.r.UserMapper.getUserByUserName   : ==> Parameters: student(String)
2021-06-04 09:44:42.627 DEBUG 15052 --- [XNIO-1 task-19] r.c.H.n.r.UserMapper.getUserByUserName   : <==      Total: 1
2021-06-04 09:44:42.903 DEBUG 15052 --- [XNIO-1 task-19] r.c.H.n.r.U.updateByPrimaryKeySelective  : ==>  Preparing: update t_user SET user_uuid = ?, user_name = ?, password = ?, real_name = ?, age = ?, sex = ?, birth_day = ?, user_level = ?, phone = ?, role = ?, status = ?, image_path = ?, create_time = ?, modify_time = ?, deleted = ?, wx_open_id = ? where id = ? 
2021-06-04 09:44:42.904 DEBUG 15052 --- [XNIO-1 task-19] r.c.H.n.r.U.updateByPrimaryKeySelective  : ==> Parameters: d2d29da2-dcb3-4013-b874-727626236f47(String), student(String), D1AGFL+Gx37t0NPG4d6biYP5Z31cNbwhK5w1lUeiHB2zagqbk8efYfSjYoh1Z/j1dkiRjHU+b0EpwzCh8IGsksJjzD65ci5LsnodQVf4Uj6D3pwoscXGqmkjjpzvSJbx42swwNTA+QoDU8YLo7JhtbUK2X0qCjFGpd+8eJ5BGvk=(String), 学生(String), 18(Integer), 1(Integer), 2019-09-01 16:00:00.0(Timestamp), 1(Integer), 19171171610(String), 1(Integer), 1(Integer), https://www.mindskip.net:9008/image/ba607a75-83ba-4530-8e23-660b72dc4953/头像.jpg(String), 2019-09-07 18:55:02.0(Timestamp), 2021-06-04 09:44:42.903(Timestamp), false(Boolean), oKqW-5cLv0VK8q04X-1DosJykMSM(String), 1(Integer)
2021-06-04 09:44:42.905 DEBUG 15052 --- [XNIO-1 task-19] r.c.H.n.r.U.updateByPrimaryKeySelective  : <==    Updates: 1
2021-06-04 09:44:42.907 DEBUG 15052 --- [XNIO-1 task-19] r.c.H.n.r.U.updateByPrimaryKeySelective  : ==>  Preparing: update t_user SET user_uuid = ?, user_name = ?, password = ?, real_name = ?, age = ?, sex = ?, birth_day = ?, user_level = ?, phone = ?, role = ?, status = ?, image_path = ?, create_time = ?, modify_time = ?, deleted = ?, wx_open_id = ? where id = ? 
2021-06-04 09:44:42.908 DEBUG 15052 --- [XNIO-1 task-19] r.c.H.n.r.U.updateByPrimaryKeySelective  : ==> Parameters: d2d29da2-dcb3-4013-b874-727626236f47(String), student(String), D1AGFL+Gx37t0NPG4d6biYP5Z31cNbwhK5w1lUeiHB2zagqbk8efYfSjYoh1Z/j1dkiRjHU+b0EpwzCh8IGsksJjzD65ci5LsnodQVf4Uj6D3pwoscXGqmkjjpzvSJbx42swwNTA+QoDU8YLo7JhtbUK2X0qCjFGpd+8eJ5BGvk=(String), 学生(String), 18(Integer), 1(Integer), 2019-09-01 16:00:00.0(Timestamp), 1(Integer), 19171171610(String), 1(Integer), 1(Integer), https://www.mindskip.net:9008/image/ba607a75-83ba-4530-8e23-660b72dc4953/头像.jpg(String), 2019-09-07 18:55:02.0(Timestamp), 2021-06-04 09:44:42.903(Timestamp), false(Boolean), oKqW-5cLv0VK8q04X-1DosJykMSM(String), 1(Integer)
2021-06-04 09:44:42.909 DEBUG 15052 --- [XNIO-1 task-19] r.c.H.n.r.U.updateByPrimaryKeySelective  : <==    Updates: 1
2021-06-04 09:44:42.909 DEBUG 15052 --- [XNIO-1 task-19] r.c.H.n.r.U.insertSelective              : ==>  Preparing: insert into t_user_token ( token, user_id, wx_open_id, create_time, end_time, user_name ) values ( ?, ?, ?, ?, ?, ? ) 
2021-06-04 09:44:42.910 DEBUG 15052 --- [XNIO-1 task-19] r.c.H.n.r.U.insertSelective              : ==> Parameters: 139b9271-8785-45a3-84db-9dcf2897b3d2(String), 1(Integer), oKqW-5cLv0VK8q04X-1DosJykMSM(String), 2021-06-04 09:44:42.906(Timestamp), 2021-06-04 21:44:42.906(Timestamp), student(String)
2021-06-04 09:44:42.911 DEBUG 15052 --- [XNIO-1 task-19] r.c.H.n.r.U.insertSelective              : <==    Updates: 1
2021-06-04 09:44:43.053 DEBUG 15052 --- [XNIO-1 task-20] r.c.H.n.r.UserMapper.getUserByUserName   : ==>  Preparing: select id, user_uuid, user_name, password, real_name, age, sex, birth_day, user_level, phone, role, status, image_path, create_time, modify_time, last_active_time, deleted, wx_open_id from t_user where deleted=0 and user_name=? limit 1 
2021-06-04 09:44:43.053 DEBUG 15052 --- [XNIO-1 task-20] r.c.H.n.r.UserMapper.getUserByUserName   : ==> Parameters: student(String)
2021-06-04 09:44:43.055 DEBUG 15052 --- [XNIO-1 task-20] r.c.H.n.r.UserMapper.getUserByUserName   : <==      Total: 1
2021-06-04 09:44:43.057 DEBUG 15052 --- [XNIO-1 task-21] r.c.H.n.r.UserMapper.getUserByUserName   : ==>  Preparing: select id, user_uuid, user_name, password, real_name, age, sex, birth_day, user_level, phone, role, status, image_path, create_time, modify_time, last_active_time, deleted, wx_open_id from t_user where deleted=0 and user_name=? limit 1 
2021-06-04 09:44:43.058 DEBUG 15052 --- [XNIO-1 task-21] r.c.H.n.r.UserMapper.getUserByUserName   : ==> Parameters: student(String)
2021-06-04 09:44:43.058 DEBUG 15052 --- [XNIO-1 task-20] r.c.H.n.r.ExamPaperMapper.indexPaper     : ==>  Preparing: SELECT id,name,limit_start_time,limit_end_time FROM t_exam_paper WHERE deleted=0 and paper_type= ? and grade_level=? ORDER BY id desc limit 5 
2021-06-04 09:44:43.058 DEBUG 15052 --- [XNIO-1 task-20] r.c.H.n.r.ExamPaperMapper.indexPaper     : ==> Parameters: 1(Integer), 1(Integer)
2021-06-04 09:44:43.059 DEBUG 15052 --- [XNIO-1 task-20] r.c.H.n.r.ExamPaperMapper.indexPaper     : <==      Total: 0
2021-06-04 09:44:43.060 DEBUG 15052 --- [XNIO-1 task-21] r.c.H.n.r.UserMapper.getUserByUserName   : <==      Total: 1
2021-06-04 09:44:43.060 DEBUG 15052 --- [XNIO-1 task-20] r.c.H.n.r.ExamPaperMapper.indexPaper     : ==>  Preparing: SELECT id,name,limit_start_time,limit_end_time FROM t_exam_paper WHERE deleted=0 and paper_type= ? and grade_level=? and ? between limit_start_time and limit_end_time ORDER BY id desc limit 5 
2021-06-04 09:44:43.060 DEBUG 15052 --- [XNIO-1 task-20] r.c.H.n.r.ExamPaperMapper.indexPaper     : ==> Parameters: 4(Integer), 1(Integer), 2021-06-04 09:44:43.06(Timestamp)
2021-06-04 09:44:43.061 DEBUG 15052 --- [XNIO-1 task-20] r.c.H.n.r.ExamPaperMapper.indexPaper     : <==      Total: 0
2021-06-04 09:44:43.061 DEBUG 15052 --- [XNIO-1 task-21] r.c.H.n.r.T.getByGradeLevel              : ==>  Preparing: select id, title, grade_level, frame_text_content_id, create_user, create_time, deleted, create_user_name from t_task_exam where deleted=0 and grade_level = ? 
2021-06-04 09:44:43.062 DEBUG 15052 --- [XNIO-1 task-21] r.c.H.n.r.T.getByGradeLevel              : ==> Parameters: 1(Integer)
2021-06-04 09:44:43.062 DEBUG 15052 --- [XNIO-1 task-21] r.c.H.n.r.T.getByGradeLevel              : <==      Total: 0
2021-06-04 09:48:18.920 DEBUG 15052 --- [XNIO-1 task-23] r.c.H.n.r.ExamPaperMapper.indexPaper     : ==>  Preparing: SELECT id,name,limit_start_time,limit_end_time FROM t_exam_paper WHERE deleted=0 and paper_type= ? and grade_level=? ORDER BY id desc limit 5 
2021-06-04 09:48:18.920 DEBUG 15052 --- [XNIO-1 task-23] r.c.H.n.r.ExamPaperMapper.indexPaper     : ==> Parameters: 1(Integer), 1(Integer)
2021-06-04 09:48:18.921 DEBUG 15052 --- [XNIO-1 task-23] r.c.H.n.r.ExamPaperMapper.indexPaper     : <==      Total: 0
2021-06-04 09:48:18.921 DEBUG 15052 --- [XNIO-1 task-23] r.c.H.n.r.ExamPaperMapper.indexPaper     : ==>  Preparing: SELECT id,name,limit_start_time,limit_end_time FROM t_exam_paper WHERE deleted=0 and paper_type= ? and grade_level=? and ? between limit_start_time and limit_end_time ORDER BY id desc limit 5 
2021-06-04 09:48:18.921 DEBUG 15052 --- [XNIO-1 task-23] r.c.H.n.r.ExamPaperMapper.indexPaper     : ==> Parameters: 4(Integer), 1(Integer), 2021-06-04 09:48:18.921(Timestamp)
2021-06-04 09:48:18.928 DEBUG 15052 --- [XNIO-1 task-23] r.c.H.n.r.ExamPaperMapper.indexPaper     : <==      Total: 0
2021-06-04 09:48:18.954 DEBUG 15052 --- [XNIO-1 task-24] r.c.H.n.r.T.getByGradeLevel              : ==>  Preparing: select id, title, grade_level, frame_text_content_id, create_user, create_time, deleted, create_user_name from t_task_exam where deleted=0 and grade_level = ? 
2021-06-04 09:48:18.954 DEBUG 15052 --- [XNIO-1 task-24] r.c.H.n.r.T.getByGradeLevel              : ==> Parameters: 1(Integer)
2021-06-04 09:48:18.955 DEBUG 15052 --- [XNIO-1 task-24] r.c.H.n.r.T.getByGradeLevel              : <==      Total: 0
2021-06-04 09:48:57.298 DEBUG 15052 --- [XNIO-1 task-25] r.c.H.n.r.ExamPaperMapper.indexPaper     : ==>  Preparing: SELECT id,name,limit_start_time,limit_end_time FROM t_exam_paper WHERE deleted=0 and paper_type= ? and grade_level=? ORDER BY id desc limit 5 
2021-06-04 09:48:57.298 DEBUG 15052 --- [XNIO-1 task-25] r.c.H.n.r.ExamPaperMapper.indexPaper     : ==> Parameters: 1(Integer), 1(Integer)
2021-06-04 09:48:57.299 DEBUG 15052 --- [XNIO-1 task-25] r.c.H.n.r.ExamPaperMapper.indexPaper     : <==      Total: 0
2021-06-04 09:48:57.299 DEBUG 15052 --- [XNIO-1 task-25] r.c.H.n.r.ExamPaperMapper.indexPaper     : ==>  Preparing: SELECT id,name,limit_start_time,limit_end_time FROM t_exam_paper WHERE deleted=0 and paper_type= ? and grade_level=? and ? between limit_start_time and limit_end_time ORDER BY id desc limit 5 
2021-06-04 09:48:57.300 DEBUG 15052 --- [XNIO-1 task-25] r.c.H.n.r.ExamPaperMapper.indexPaper     : ==> Parameters: 4(Integer), 1(Integer), 2021-06-04 09:48:57.299(Timestamp)
2021-06-04 09:48:57.300 DEBUG 15052 --- [XNIO-1 task-25] r.c.H.n.r.ExamPaperMapper.indexPaper     : <==      Total: 0
2021-06-04 09:48:57.337 DEBUG 15052 --- [XNIO-1 task-26] r.c.H.n.r.T.getByGradeLevel              : ==>  Preparing: select id, title, grade_level, frame_text_content_id, create_user, create_time, deleted, create_user_name from t_task_exam where deleted=0 and grade_level = ? 
2021-06-04 09:48:57.337 DEBUG 15052 --- [XNIO-1 task-26] r.c.H.n.r.T.getByGradeLevel              : ==> Parameters: 1(Integer)
2021-06-04 09:48:57.338 DEBUG 15052 --- [XNIO-1 task-26] r.c.H.n.r.T.getByGradeLevel              : <==      Total: 0
2021-06-04 09:50:30.232 DEBUG 15052 --- [XNIO-1 task-27] r.c.H.n.r.ExamPaperMapper.indexPaper     : ==>  Preparing: SELECT id,name,limit_start_time,limit_end_time FROM t_exam_paper WHERE deleted=0 and paper_type= ? and grade_level=? ORDER BY id desc limit 5 
2021-06-04 09:50:30.232 DEBUG 15052 --- [XNIO-1 task-27] r.c.H.n.r.ExamPaperMapper.indexPaper     : ==> Parameters: 1(Integer), 1(Integer)
2021-06-04 09:50:30.233 DEBUG 15052 --- [XNIO-1 task-27] r.c.H.n.r.ExamPaperMapper.indexPaper     : <==      Total: 0
2021-06-04 09:50:30.234 DEBUG 15052 --- [XNIO-1 task-27] r.c.H.n.r.ExamPaperMapper.indexPaper     : ==>  Preparing: SELECT id,name,limit_start_time,limit_end_time FROM t_exam_paper WHERE deleted=0 and paper_type= ? and grade_level=? and ? between limit_start_time and limit_end_time ORDER BY id desc limit 5 
2021-06-04 09:50:30.234 DEBUG 15052 --- [XNIO-1 task-27] r.c.H.n.r.ExamPaperMapper.indexPaper     : ==> Parameters: 4(Integer), 1(Integer), 2021-06-04 09:50:30.233(Timestamp)
2021-06-04 09:50:30.235 DEBUG 15052 --- [XNIO-1 task-27] r.c.H.n.r.ExamPaperMapper.indexPaper     : <==      Total: 0
2021-06-04 09:50:30.267 DEBUG 15052 --- [XNIO-1 task-28] r.c.H.n.r.T.getByGradeLevel              : ==>  Preparing: select id, title, grade_level, frame_text_content_id, create_user, create_time, deleted, create_user_name from t_task_exam where deleted=0 and grade_level = ? 
2021-06-04 09:50:30.268 DEBUG 15052 --- [XNIO-1 task-28] r.c.H.n.r.T.getByGradeLevel              : ==> Parameters: 1(Integer)
2021-06-04 09:50:30.268 DEBUG 15052 --- [XNIO-1 task-28] r.c.H.n.r.T.getByGradeLevel              : <==      Total: 0
2021-06-04 09:50:45.179  INFO 14112 --- [restartedMain] c.HHStudy.npustudy.NPUStudyApplication   : Starting NPUStudyApplication on DESKTOP-5S05IHQ with PID 14112 (C:\Users\WYH\Desktop\backend\NPUStudyBackend\target\classes started by WYH in C:\Users\WYH\Desktop\backend\NPUStudyBackend)
2021-06-04 09:50:45.179  INFO 14112 --- [restartedMain] c.HHStudy.npustudy.NPUStudyApplication   : The following profiles are active: dev
2021-06-04 09:50:45.241  INFO 14112 --- [restartedMain] .e.DevToolsPropertyDefaultsPostProcessor : Devtools property defaults active! Set 'spring.devtools.add-properties' to 'false' to disable
2021-06-04 09:50:45.241  INFO 14112 --- [restartedMain] .e.DevToolsPropertyDefaultsPostProcessor : For additional web related logging consider setting the 'logging.level.web' property to 'DEBUG'
2021-06-04 09:50:45.931  INFO 14112 --- [restartedMain] .s.d.r.c.RepositoryConfigurationDelegate : Multiple Spring Data modules found, entering strict repository configuration mode!
2021-06-04 09:50:45.933  INFO 14112 --- [restartedMain] .s.d.r.c.RepositoryConfigurationDelegate : Bootstrapping Spring Data repositories in DEFAULT mode.
2021-06-04 09:50:45.993  INFO 14112 --- [restartedMain] .s.d.r.c.RepositoryConfigurationDelegate : Finished Spring Data repository scanning in 49ms. Found 0 repository interfaces.
2021-06-04 09:50:46.293  INFO 14112 --- [restartedMain] trationDelegate$BeanPostProcessorChecker : Bean 'cacheConfig' of type [com.HHStudy.npustudy.configuration.spring.cache.CacheConfig$$EnhancerBySpringCGLIB$$ee005c08] is not eligible for getting processed by all BeanPostProcessors (for example: not eligible for auto-proxying)
2021-06-04 09:50:46.299  INFO 14112 --- [restartedMain] trationDelegate$BeanPostProcessorChecker : Bean 'org.springframework.transaction.annotation.ProxyTransactionManagementConfiguration' of type [org.springframework.transaction.annotation.ProxyTransactionManagementConfiguration$$EnhancerBySpringCGLIB$$5cd87c4e] is not eligible for getting processed by all BeanPostProcessors (for example: not eligible for auto-proxying)
2021-06-04 09:50:46.507  WARN 14112 --- [restartedMain] io.undertow.websockets.jsr               : UT026010: Buffer pool was not set on WebSocketDeploymentInfo, the default pool will be used
2021-06-04 09:50:46.523  INFO 14112 --- [restartedMain] io.undertow.servlet                      : Initializing Spring embedded WebApplicationContext
2021-06-04 09:50:46.523  INFO 14112 --- [restartedMain] o.s.web.context.ContextLoader            : Root WebApplicationContext: initialization completed in 1282 ms
2021-06-04 09:50:47.524  INFO 14112 --- [restartedMain] o.s.s.web.DefaultSecurityFilterChain     : Creating filter chain: any request, [org.springframework.security.web.context.request.async.WebAsyncManagerIntegrationFilter@5e47feba, org.springframework.security.web.context.SecurityContextPersistenceFilter@2798ddf0, org.springframework.security.web.header.HeaderWriterFilter@11dc3d6b, org.springframework.web.filter.CorsFilter@567d55d8, org.springframework.security.web.authentication.logout.LogoutFilter@32b40f8a, com.HHStudy.npustudy.configuration.spring.security.RestLoginAuthenticationFilter@1c3dca01, org.springframework.security.web.authentication.UsernamePasswordAuthenticationFilter@485d9c24, org.springframework.security.web.savedrequest.RequestCacheAwareFilter@38059019, org.springframework.security.web.servletapi.SecurityContextHolderAwareRequestFilter@dc3fb76, org.springframework.security.web.authentication.rememberme.RememberMeAuthenticationFilter@2a504410, org.springframework.security.web.authentication.AnonymousAuthenticationFilter@3346258b, org.springframework.security.web.session.SessionManagementFilter@5ea346ea, org.springframework.security.web.access.ExceptionTranslationFilter@473ff470, org.springframework.security.web.access.intercept.FilterSecurityInterceptor@287fb35]
2021-06-04 09:50:47.852  INFO 14112 --- [restartedMain] io.lettuce.core.EpollProvider            : Starting without optional epoll library
2021-06-04 09:50:47.852  INFO 14112 --- [restartedMain] io.lettuce.core.KqueueProvider           : Starting without optional kqueue library
2021-06-04 09:50:48.244  INFO 14112 --- [restartedMain] o.s.b.d.a.OptionalLiveReloadServer       : LiveReload server is running on port 35729
2021-06-04 09:50:48.837  INFO 14112 --- [restartedMain] s.a.ScheduledAnnotationBeanPostProcessor : No TaskScheduler/ScheduledExecutorService bean found for scheduled processing
2021-06-04 09:50:48.853  INFO 14112 --- [restartedMain] org.xnio                                 : XNIO version 3.3.8.Final
2021-06-04 09:50:48.868  INFO 14112 --- [restartedMain] org.xnio.nio                             : XNIO NIO Implementation Version 3.3.8.Final
2021-06-04 09:50:48.900  INFO 14112 --- [restartedMain] o.s.b.w.e.u.UndertowServletWebServer     : Undertow started on port(s) 8000 (http) with context path ''
2021-06-04 09:50:48.900  INFO 14112 --- [restartedMain] c.HHStudy.npustudy.NPUStudyApplication   : Started NPUStudyApplication in 4.097 seconds (JVM running for 4.762)
2021-06-04 09:50:55.378  INFO 14112 --- [XNIO-1 task-1] io.undertow.servlet                      : Initializing Spring DispatcherServlet 'dispatcherServlet'
2021-06-04 09:50:55.379  INFO 14112 --- [XNIO-1 task-1] o.s.web.servlet.DispatcherServlet        : Initializing Servlet 'dispatcherServlet'
2021-06-04 09:50:55.387  INFO 14112 --- [XNIO-1 task-1] o.s.web.servlet.DispatcherServlet        : Completed initialization in 8 ms
2021-06-04 09:50:55.460  INFO 14112 --- [XNIO-1 task-2] com.zaxxer.hikari.HikariDataSource       : HikariPool-1 - Starting...
2021-06-04 09:50:55.550  INFO 14112 --- [XNIO-1 task-2] com.zaxxer.hikari.HikariDataSource       : HikariPool-1 - Start completed.
2021-06-04 09:50:55.557 DEBUG 14112 --- [XNIO-1 task-1] r.c.H.n.r.ExamPaperMapper.indexPaper     : ==>  Preparing: SELECT id,name,limit_start_time,limit_end_time FROM t_exam_paper WHERE deleted=0 and paper_type= ? and grade_level=? ORDER BY id desc limit 5 
2021-06-04 09:50:55.557 DEBUG 14112 --- [XNIO-1 task-2] r.c.H.n.r.T.getByGradeLevel              : ==>  Preparing: select id, title, grade_level, frame_text_content_id, create_user, create_time, deleted, create_user_name from t_task_exam where deleted=0 and grade_level = ? 
2021-06-04 09:50:55.574 DEBUG 14112 --- [XNIO-1 task-1] r.c.H.n.r.ExamPaperMapper.indexPaper     : ==> Parameters: 1(Integer), 1(Integer)
2021-06-04 09:50:55.574 DEBUG 14112 --- [XNIO-1 task-2] r.c.H.n.r.T.getByGradeLevel              : ==> Parameters: 1(Integer)
2021-06-04 09:50:55.592 DEBUG 14112 --- [XNIO-1 task-1] r.c.H.n.r.ExamPaperMapper.indexPaper     : <==      Total: 0
2021-06-04 09:50:55.592 DEBUG 14112 --- [XNIO-1 task-2] r.c.H.n.r.T.getByGradeLevel              : <==      Total: 0
2021-06-04 09:50:55.594 DEBUG 14112 --- [XNIO-1 task-1] r.c.H.n.r.ExamPaperMapper.indexPaper     : ==>  Preparing: SELECT id,name,limit_start_time,limit_end_time FROM t_exam_paper WHERE deleted=0 and paper_type= ? and grade_level=? and ? between limit_start_time and limit_end_time ORDER BY id desc limit 5 
2021-06-04 09:50:55.598 DEBUG 14112 --- [XNIO-1 task-1] r.c.H.n.r.ExamPaperMapper.indexPaper     : ==> Parameters: 4(Integer), 1(Integer), 2021-06-04 09:50:55.594(Timestamp)
2021-06-04 09:50:55.598 DEBUG 14112 --- [XNIO-1 task-1] r.c.H.n.r.ExamPaperMapper.indexPaper     : <==      Total: 0
2021-06-04 09:51:07.999 DEBUG 14112 --- [XNIO-1 task-4] r.c.H.n.r.U.updateByPrimaryKeySelective  : ==>  Preparing: update t_user SET image_path = ? where id = ? 
2021-06-04 09:51:07.999 DEBUG 14112 --- [XNIO-1 task-4] r.c.H.n.r.U.updateByPrimaryKeySelective  : ==> Parameters: http://xzs.file.mindskip.net/FijFVKZoIYmYMuyGmkAE_4KRyFld(String), 1(Integer)
2021-06-04 09:51:08.002 DEBUG 14112 --- [XNIO-1 task-4] r.c.H.n.r.U.updateByPrimaryKeySelective  : <==    Updates: 1
2021-06-04 09:51:08.045 DEBUG 14112 --- [XNIO-1 task-6] r.c.H.n.r.UserMapper.getUserByUserName   : ==>  Preparing: select id, user_uuid, user_name, password, real_name, age, sex, birth_day, user_level, phone, role, status, image_path, create_time, modify_time, last_active_time, deleted, wx_open_id from t_user where deleted=0 and user_name=? limit 1 
2021-06-04 09:51:08.045 DEBUG 14112 --- [XNIO-1 task-6] r.c.H.n.r.UserMapper.getUserByUserName   : ==> Parameters: student(String)
2021-06-04 09:51:08.048 DEBUG 14112 --- [XNIO-1 task-6] r.c.H.n.r.UserMapper.getUserByUserName   : <==      Total: 1
2021-06-04 09:51:11.059 DEBUG 14112 --- [XNIO-1 task-7] r.c.H.n.r.E.studentPage_COUNT            : ==>  Preparing: SELECT count(0) FROM t_exam_paper_answer WHERE create_user = ? 
2021-06-04 09:51:11.059 DEBUG 14112 --- [XNIO-1 task-7] r.c.H.n.r.E.studentPage_COUNT            : ==> Parameters: 1(Integer)
2021-06-04 09:51:11.072 DEBUG 14112 --- [XNIO-1 task-7] r.c.H.n.r.E.studentPage_COUNT            : <==      Total: 1
2021-06-04 09:51:14.649 DEBUG 14112 --- [XNIO-1 task-8] r.c.H.n.r.ExamPaperMapper.indexPaper     : ==>  Preparing: SELECT id,name,limit_start_time,limit_end_time FROM t_exam_paper WHERE deleted=0 and paper_type= ? and grade_level=? ORDER BY id desc limit 5 
2021-06-04 09:51:14.649 DEBUG 14112 --- [XNIO-1 task-8] r.c.H.n.r.ExamPaperMapper.indexPaper     : ==> Parameters: 1(Integer), 1(Integer)
2021-06-04 09:51:14.650 DEBUG 14112 --- [XNIO-1 task-8] r.c.H.n.r.ExamPaperMapper.indexPaper     : <==      Total: 0
2021-06-04 09:51:14.651 DEBUG 14112 --- [XNIO-1 task-8] r.c.H.n.r.ExamPaperMapper.indexPaper     : ==>  Preparing: SELECT id,name,limit_start_time,limit_end_time FROM t_exam_paper WHERE deleted=0 and paper_type= ? and grade_level=? and ? between limit_start_time and limit_end_time ORDER BY id desc limit 5 
2021-06-04 09:51:14.652 DEBUG 14112 --- [XNIO-1 task-8] r.c.H.n.r.ExamPaperMapper.indexPaper     : ==> Parameters: 4(Integer), 1(Integer), 2021-06-04 09:51:14.651(Timestamp)
2021-06-04 09:51:14.653 DEBUG 14112 --- [XNIO-1 task-8] r.c.H.n.r.ExamPaperMapper.indexPaper     : <==      Total: 0
2021-06-04 09:51:14.669 DEBUG 14112 --- [XNIO-1 task-9] r.c.H.n.r.T.getByGradeLevel              : ==>  Preparing: select id, title, grade_level, frame_text_content_id, create_user, create_time, deleted, create_user_name from t_task_exam where deleted=0 and grade_level = ? 
2021-06-04 09:51:14.669 DEBUG 14112 --- [XNIO-1 task-9] r.c.H.n.r.T.getByGradeLevel              : ==> Parameters: 1(Integer)
2021-06-04 09:51:14.670 DEBUG 14112 --- [XNIO-1 task-9] r.c.H.n.r.T.getByGradeLevel              : <==      Total: 0
2021-06-04 09:51:19.211  INFO 1424 --- [restartedMain] c.HHStudy.npustudy.NPUStudyApplication   : Starting NPUStudyApplication on DESKTOP-5S05IHQ with PID 1424 (C:\Users\WYH\Desktop\backend\NPUStudyBackend\target\classes started by WYH in C:\Users\WYH\Desktop\backend\NPUStudyBackend)
2021-06-04 09:51:19.227  INFO 1424 --- [restartedMain] c.HHStudy.npustudy.NPUStudyApplication   : The following profiles are active: dev
2021-06-04 09:51:19.251  INFO 1424 --- [restartedMain] .e.DevToolsPropertyDefaultsPostProcessor : Devtools property defaults active! Set 'spring.devtools.add-properties' to 'false' to disable
2021-06-04 09:51:19.251  INFO 1424 --- [restartedMain] .e.DevToolsPropertyDefaultsPostProcessor : For additional web related logging consider setting the 'logging.level.web' property to 'DEBUG'
2021-06-04 09:51:19.936  INFO 1424 --- [restartedMain] .s.d.r.c.RepositoryConfigurationDelegate : Multiple Spring Data modules found, entering strict repository configuration mode!
2021-06-04 09:51:19.937  INFO 1424 --- [restartedMain] .s.d.r.c.RepositoryConfigurationDelegate : Bootstrapping Spring Data repositories in DEFAULT mode.
2021-06-04 09:51:19.999  INFO 1424 --- [restartedMain] .s.d.r.c.RepositoryConfigurationDelegate : Finished Spring Data repository scanning in 51ms. Found 0 repository interfaces.
2021-06-04 09:51:20.315  INFO 1424 --- [restartedMain] trationDelegate$BeanPostProcessorChecker : Bean 'cacheConfig' of type [com.HHStudy.npustudy.configuration.spring.cache.CacheConfig$$EnhancerBySpringCGLIB$$b9f9d398] is not eligible for getting processed by all BeanPostProcessors (for example: not eligible for auto-proxying)
2021-06-04 09:51:20.321  INFO 1424 --- [restartedMain] trationDelegate$BeanPostProcessorChecker : Bean 'org.springframework.transaction.annotation.ProxyTransactionManagementConfiguration' of type [org.springframework.transaction.annotation.ProxyTransactionManagementConfiguration$$EnhancerBySpringCGLIB$$28d1f3de] is not eligible for getting processed by all BeanPostProcessors (for example: not eligible for auto-proxying)
2021-06-04 09:51:20.551  WARN 1424 --- [restartedMain] io.undertow.websockets.jsr               : UT026010: Buffer pool was not set on WebSocketDeploymentInfo, the default pool will be used
2021-06-04 09:51:20.568  INFO 1424 --- [restartedMain] io.undertow.servlet                      : Initializing Spring embedded WebApplicationContext
2021-06-04 09:51:20.568  INFO 1424 --- [restartedMain] o.s.web.context.ContextLoader            : Root WebApplicationContext: initialization completed in 1317 ms
2021-06-04 09:51:21.606  INFO 1424 --- [restartedMain] o.s.s.web.DefaultSecurityFilterChain     : Creating filter chain: any request, [org.springframework.security.web.context.request.async.WebAsyncManagerIntegrationFilter@4a1bfc12, org.springframework.security.web.context.SecurityContextPersistenceFilter@2f26dd61, org.springframework.security.web.header.HeaderWriterFilter@37fd64bc, org.springframework.web.filter.CorsFilter@4e16e46a, org.springframework.security.web.authentication.logout.LogoutFilter@571c03a0, com.HHStudy.npustudy.configuration.spring.security.RestLoginAuthenticationFilter@20446ef6, org.springframework.security.web.authentication.UsernamePasswordAuthenticationFilter@26f345ce, org.springframework.security.web.savedrequest.RequestCacheAwareFilter@77c4a24c, org.springframework.security.web.servletapi.SecurityContextHolderAwareRequestFilter@70e40582, org.springframework.security.web.authentication.rememberme.RememberMeAuthenticationFilter@9e28417, org.springframework.security.web.authentication.AnonymousAuthenticationFilter@2833948b, org.springframework.security.web.session.SessionManagementFilter@7673ce66, org.springframework.security.web.access.ExceptionTranslationFilter@38e92fb2, org.springframework.security.web.access.intercept.FilterSecurityInterceptor@5dc23630]
2021-06-04 09:51:21.950  INFO 1424 --- [restartedMain] io.lettuce.core.EpollProvider            : Starting without optional epoll library
2021-06-04 09:51:21.950  INFO 1424 --- [restartedMain] io.lettuce.core.KqueueProvider           : Starting without optional kqueue library
2021-06-04 09:51:22.341  INFO 1424 --- [restartedMain] o.s.b.d.a.OptionalLiveReloadServer       : LiveReload server is running on port 35729
2021-06-04 09:51:22.950  INFO 1424 --- [restartedMain] s.a.ScheduledAnnotationBeanPostProcessor : No TaskScheduler/ScheduledExecutorService bean found for scheduled processing
2021-06-04 09:51:22.966  INFO 1424 --- [restartedMain] org.xnio                                 : XNIO version 3.3.8.Final
2021-06-04 09:51:22.966  INFO 1424 --- [restartedMain] org.xnio.nio                             : XNIO NIO Implementation Version 3.3.8.Final
2021-06-04 09:51:23.013  INFO 1424 --- [restartedMain] o.s.b.w.e.u.UndertowServletWebServer     : Undertow started on port(s) 8000 (http) with context path ''
2021-06-04 09:51:23.013  INFO 1424 --- [restartedMain] c.HHStudy.npustudy.NPUStudyApplication   : Started NPUStudyApplication in 4.204 seconds (JVM running for 5.053)
2021-06-04 09:51:28.082  INFO 1424 --- [XNIO-1 task-2] io.undertow.servlet                      : Initializing Spring DispatcherServlet 'dispatcherServlet'
2021-06-04 09:51:28.082  INFO 1424 --- [XNIO-1 task-2] o.s.web.servlet.DispatcherServlet        : Initializing Servlet 'dispatcherServlet'
2021-06-04 09:51:28.090  INFO 1424 --- [XNIO-1 task-2] o.s.web.servlet.DispatcherServlet        : Completed initialization in 7 ms
2021-06-04 09:51:28.164  INFO 1424 --- [XNIO-1 task-1] com.zaxxer.hikari.HikariDataSource       : HikariPool-1 - Starting...
2021-06-04 09:51:28.295  INFO 1424 --- [XNIO-1 task-1] com.zaxxer.hikari.HikariDataSource       : HikariPool-1 - Start completed.
2021-06-04 09:51:28.305 DEBUG 1424 --- [XNIO-1 task-1] r.c.H.n.r.T.getByGradeLevel              : ==>  Preparing: select id, title, grade_level, frame_text_content_id, create_user, create_time, deleted, create_user_name from t_task_exam where deleted=0 and grade_level = ? 
2021-06-04 09:51:28.305 DEBUG 1424 --- [XNIO-1 task-2] r.c.H.n.r.ExamPaperMapper.indexPaper     : ==>  Preparing: SELECT id,name,limit_start_time,limit_end_time FROM t_exam_paper WHERE deleted=0 and paper_type= ? and grade_level=? ORDER BY id desc limit 5 
2021-06-04 09:51:28.327 DEBUG 1424 --- [XNIO-1 task-2] r.c.H.n.r.ExamPaperMapper.indexPaper     : ==> Parameters: 1(Integer), 1(Integer)
2021-06-04 09:51:28.327 DEBUG 1424 --- [XNIO-1 task-1] r.c.H.n.r.T.getByGradeLevel              : ==> Parameters: 1(Integer)
2021-06-04 09:51:28.346 DEBUG 1424 --- [XNIO-1 task-2] r.c.H.n.r.ExamPaperMapper.indexPaper     : <==      Total: 0
2021-06-04 09:51:28.346 DEBUG 1424 --- [XNIO-1 task-1] r.c.H.n.r.T.getByGradeLevel              : <==      Total: 0
2021-06-04 09:51:28.350 DEBUG 1424 --- [XNIO-1 task-2] r.c.H.n.r.ExamPaperMapper.indexPaper     : ==>  Preparing: SELECT id,name,limit_start_time,limit_end_time FROM t_exam_paper WHERE deleted=0 and paper_type= ? and grade_level=? and ? between limit_start_time and limit_end_time ORDER BY id desc limit 5 
2021-06-04 09:51:28.351 DEBUG 1424 --- [XNIO-1 task-2] r.c.H.n.r.ExamPaperMapper.indexPaper     : ==> Parameters: 4(Integer), 1(Integer), 2021-06-04 09:51:28.349(Timestamp)
2021-06-04 09:51:28.352 DEBUG 1424 --- [XNIO-1 task-2] r.c.H.n.r.ExamPaperMapper.indexPaper     : <==      Total: 0
2021-06-04 09:57:34.110  INFO 12444 --- [restartedMain] c.HHStudy.npustudy.NPUStudyApplication   : Starting NPUStudyApplication on DESKTOP-5S05IHQ with PID 12444 (C:\Users\WYH\Desktop\backend\NPUStudyBackend\target\classes started by WYH in C:\Users\WYH\Desktop\backend\NPUStudyBackend)
2021-06-04 09:57:34.112  INFO 12444 --- [restartedMain] c.HHStudy.npustudy.NPUStudyApplication   : The following profiles are active: dev
2021-06-04 09:57:34.171  INFO 12444 --- [restartedMain] .e.DevToolsPropertyDefaultsPostProcessor : Devtools property defaults active! Set 'spring.devtools.add-properties' to 'false' to disable
2021-06-04 09:57:34.171  INFO 12444 --- [restartedMain] .e.DevToolsPropertyDefaultsPostProcessor : For additional web related logging consider setting the 'logging.level.web' property to 'DEBUG'
2021-06-04 09:57:34.949  INFO 12444 --- [restartedMain] .s.d.r.c.RepositoryConfigurationDelegate : Multiple Spring Data modules found, entering strict repository configuration mode!
2021-06-04 09:57:34.951  INFO 12444 --- [restartedMain] .s.d.r.c.RepositoryConfigurationDelegate : Bootstrapping Spring Data repositories in DEFAULT mode.
2021-06-04 09:57:35.012  INFO 12444 --- [restartedMain] .s.d.r.c.RepositoryConfigurationDelegate : Finished Spring Data repository scanning in 51ms. Found 0 repository interfaces.
2021-06-04 09:57:35.328  INFO 12444 --- [restartedMain] trationDelegate$BeanPostProcessorChecker : Bean 'cacheConfig' of type [com.HHStudy.npustudy.configuration.spring.cache.CacheConfig$$EnhancerBySpringCGLIB$$3cc5e895] is not eligible for getting processed by all BeanPostProcessors (for example: not eligible for auto-proxying)
2021-06-04 09:57:35.334  INFO 12444 --- [restartedMain] trationDelegate$BeanPostProcessorChecker : Bean 'org.springframework.transaction.annotation.ProxyTransactionManagementConfiguration' of type [org.springframework.transaction.annotation.ProxyTransactionManagementConfiguration$$EnhancerBySpringCGLIB$$ab9e08db] is not eligible for getting processed by all BeanPostProcessors (for example: not eligible for auto-proxying)
2021-06-04 09:57:35.579  WARN 12444 --- [restartedMain] io.undertow.websockets.jsr               : UT026010: Buffer pool was not set on WebSocketDeploymentInfo, the default pool will be used
2021-06-04 09:57:35.602  INFO 12444 --- [restartedMain] io.undertow.servlet                      : Initializing Spring embedded WebApplicationContext
2021-06-04 09:57:35.603  INFO 12444 --- [restartedMain] o.s.web.context.ContextLoader            : Root WebApplicationContext: initialization completed in 1432 ms
2021-06-04 09:57:36.645  INFO 12444 --- [restartedMain] o.s.s.web.DefaultSecurityFilterChain     : Creating filter chain: any request, [org.springframework.security.web.context.request.async.WebAsyncManagerIntegrationFilter@1b14f066, org.springframework.security.web.context.SecurityContextPersistenceFilter@754a8a27, org.springframework.security.web.header.HeaderWriterFilter@33945657, org.springframework.web.filter.CorsFilter@6dce67b4, org.springframework.security.web.authentication.logout.LogoutFilter@6bcc403f, com.HHStudy.npustudy.configuration.spring.security.RestLoginAuthenticationFilter@48017b35, org.springframework.security.web.authentication.UsernamePasswordAuthenticationFilter@60076b3e, org.springframework.security.web.savedrequest.RequestCacheAwareFilter@44ae0078, org.springframework.security.web.servletapi.SecurityContextHolderAwareRequestFilter@543b02ce, org.springframework.security.web.authentication.rememberme.RememberMeAuthenticationFilter@440777d6, org.springframework.security.web.authentication.AnonymousAuthenticationFilter@57ff459d, org.springframework.security.web.session.SessionManagementFilter@63888284, org.springframework.security.web.access.ExceptionTranslationFilter@5443bea1, org.springframework.security.web.access.intercept.FilterSecurityInterceptor@3e903295]
2021-06-04 09:57:36.973  INFO 12444 --- [restartedMain] io.lettuce.core.EpollProvider            : Starting without optional epoll library
2021-06-04 09:57:36.973  INFO 12444 --- [restartedMain] io.lettuce.core.KqueueProvider           : Starting without optional kqueue library
2021-06-04 09:57:37.349  INFO 12444 --- [restartedMain] o.s.b.d.a.OptionalLiveReloadServer       : LiveReload server is running on port 35729
2021-06-04 09:57:37.943  INFO 12444 --- [restartedMain] s.a.ScheduledAnnotationBeanPostProcessor : No TaskScheduler/ScheduledExecutorService bean found for scheduled processing
2021-06-04 09:57:37.958  INFO 12444 --- [restartedMain] org.xnio                                 : XNIO version 3.3.8.Final
2021-06-04 09:57:37.974  INFO 12444 --- [restartedMain] org.xnio.nio                             : XNIO NIO Implementation Version 3.3.8.Final
2021-06-04 09:57:38.005  INFO 12444 --- [restartedMain] o.s.b.w.e.u.UndertowServletWebServer     : Undertow started on port(s) 8000 (http) with context path ''
2021-06-04 09:57:38.005  INFO 12444 --- [restartedMain] c.HHStudy.npustudy.NPUStudyApplication   : Started NPUStudyApplication in 4.341 seconds (JVM running for 5.275)
2021-06-04 09:57:52.835  INFO 12444 --- [XNIO-1 task-1] io.undertow.servlet                      : Initializing Spring DispatcherServlet 'dispatcherServlet'
2021-06-04 09:57:52.836  INFO 12444 --- [XNIO-1 task-1] o.s.web.servlet.DispatcherServlet        : Initializing Servlet 'dispatcherServlet'
2021-06-04 09:57:52.843  INFO 12444 --- [XNIO-1 task-1] o.s.web.servlet.DispatcherServlet        : Completed initialization in 7 ms
2021-06-04 09:57:52.924  INFO 12444 --- [XNIO-1 task-1] com.zaxxer.hikari.HikariDataSource       : HikariPool-1 - Starting...
2021-06-04 09:57:53.044  INFO 12444 --- [XNIO-1 task-1] com.zaxxer.hikari.HikariDataSource       : HikariPool-1 - Start completed.
2021-06-04 09:57:53.055 DEBUG 12444 --- [XNIO-1 task-1] r.c.H.n.r.T.getByGradeLevel              : ==>  Preparing: select id, title, grade_level, frame_text_content_id, create_user, create_time, deleted, create_user_name from t_task_exam where deleted=0 and grade_level = ? 
2021-06-04 09:57:53.055 DEBUG 12444 --- [XNIO-1 task-2] r.c.H.n.r.ExamPaperMapper.indexPaper     : ==>  Preparing: SELECT id,name,limit_start_time,limit_end_time FROM t_exam_paper WHERE deleted=0 and paper_type= ? and grade_level=? ORDER BY id desc limit 5 
2021-06-04 09:57:53.084 DEBUG 12444 --- [XNIO-1 task-1] r.c.H.n.r.T.getByGradeLevel              : ==> Parameters: 1(Integer)
2021-06-04 09:57:53.084 DEBUG 12444 --- [XNIO-1 task-2] r.c.H.n.r.ExamPaperMapper.indexPaper     : ==> Parameters: 1(Integer), 1(Integer)
2021-06-04 09:57:53.105 DEBUG 12444 --- [XNIO-1 task-1] r.c.H.n.r.T.getByGradeLevel              : <==      Total: 0
2021-06-04 09:57:53.105 DEBUG 12444 --- [XNIO-1 task-2] r.c.H.n.r.ExamPaperMapper.indexPaper     : <==      Total: 0
2021-06-04 09:57:53.111 DEBUG 12444 --- [XNIO-1 task-2] r.c.H.n.r.ExamPaperMapper.indexPaper     : ==>  Preparing: SELECT id,name,limit_start_time,limit_end_time FROM t_exam_paper WHERE deleted=0 and paper_type= ? and grade_level=? and ? between limit_start_time and limit_end_time ORDER BY id desc limit 5 
2021-06-04 09:57:53.115 DEBUG 12444 --- [XNIO-1 task-2] r.c.H.n.r.ExamPaperMapper.indexPaper     : ==> Parameters: 4(Integer), 1(Integer), 2021-06-04 09:57:53.111(Timestamp)
2021-06-04 09:57:53.117 DEBUG 12444 --- [XNIO-1 task-2] r.c.H.n.r.ExamPaperMapper.indexPaper     : <==      Total: 0
2021-06-04 09:57:53.511 DEBUG 12444 --- [XNIO-1 task-3] r.c.H.n.r.ExamPaperMapper.indexPaper     : ==>  Preparing: SELECT id,name,limit_start_time,limit_end_time FROM t_exam_paper WHERE deleted=0 and paper_type= ? and grade_level=? ORDER BY id desc limit 5 
2021-06-04 09:57:53.511 DEBUG 12444 --- [XNIO-1 task-3] r.c.H.n.r.ExamPaperMapper.indexPaper     : ==> Parameters: 1(Integer), 1(Integer)
2021-06-04 09:57:53.512 DEBUG 12444 --- [XNIO-1 task-3] r.c.H.n.r.ExamPaperMapper.indexPaper     : <==      Total: 0
2021-06-04 09:57:53.513 DEBUG 12444 --- [XNIO-1 task-3] r.c.H.n.r.ExamPaperMapper.indexPaper     : ==>  Preparing: SELECT id,name,limit_start_time,limit_end_time FROM t_exam_paper WHERE deleted=0 and paper_type= ? and grade_level=? and ? between limit_start_time and limit_end_time ORDER BY id desc limit 5 
2021-06-04 09:57:53.514 DEBUG 12444 --- [XNIO-1 task-3] r.c.H.n.r.ExamPaperMapper.indexPaper     : ==> Parameters: 4(Integer), 1(Integer), 2021-06-04 09:57:53.513(Timestamp)
2021-06-04 09:57:53.515 DEBUG 12444 --- [XNIO-1 task-3] r.c.H.n.r.ExamPaperMapper.indexPaper     : <==      Total: 0
2021-06-04 09:57:53.572 DEBUG 12444 --- [XNIO-1 task-4] r.c.H.n.r.T.getByGradeLevel              : ==>  Preparing: select id, title, grade_level, frame_text_content_id, create_user, create_time, deleted, create_user_name from t_task_exam where deleted=0 and grade_level = ? 
2021-06-04 09:57:53.572 DEBUG 12444 --- [XNIO-1 task-4] r.c.H.n.r.T.getByGradeLevel              : ==> Parameters: 1(Integer)
2021-06-04 09:57:53.573 DEBUG 12444 --- [XNIO-1 task-4] r.c.H.n.r.T.getByGradeLevel              : <==      Total: 0
2021-06-04 09:57:55.820 DEBUG 12444 --- [XNIO-1 task-5] r.c.H.n.r.ExamPaperMapper.indexPaper     : ==>  Preparing: SELECT id,name,limit_start_time,limit_end_time FROM t_exam_paper WHERE deleted=0 and paper_type= ? and grade_level=? ORDER BY id desc limit 5 
2021-06-04 09:57:55.821 DEBUG 12444 --- [XNIO-1 task-5] r.c.H.n.r.ExamPaperMapper.indexPaper     : ==> Parameters: 1(Integer), 1(Integer)
2021-06-04 09:57:55.822 DEBUG 12444 --- [XNIO-1 task-5] r.c.H.n.r.ExamPaperMapper.indexPaper     : <==      Total: 0
2021-06-04 09:57:55.823 DEBUG 12444 --- [XNIO-1 task-5] r.c.H.n.r.ExamPaperMapper.indexPaper     : ==>  Preparing: SELECT id,name,limit_start_time,limit_end_time FROM t_exam_paper WHERE deleted=0 and paper_type= ? and grade_level=? and ? between limit_start_time and limit_end_time ORDER BY id desc limit 5 
2021-06-04 09:57:55.823 DEBUG 12444 --- [XNIO-1 task-5] r.c.H.n.r.ExamPaperMapper.indexPaper     : ==> Parameters: 4(Integer), 1(Integer), 2021-06-04 09:57:55.822(Timestamp)
2021-06-04 09:57:55.825 DEBUG 12444 --- [XNIO-1 task-5] r.c.H.n.r.ExamPaperMapper.indexPaper     : <==      Total: 0
2021-06-04 09:57:55.899 DEBUG 12444 --- [XNIO-1 task-6] r.c.H.n.r.T.getByGradeLevel              : ==>  Preparing: select id, title, grade_level, frame_text_content_id, create_user, create_time, deleted, create_user_name from t_task_exam where deleted=0 and grade_level = ? 
2021-06-04 09:57:55.899 DEBUG 12444 --- [XNIO-1 task-6] r.c.H.n.r.T.getByGradeLevel              : ==> Parameters: 1(Integer)
2021-06-04 09:57:55.901 DEBUG 12444 --- [XNIO-1 task-6] r.c.H.n.r.T.getByGradeLevel              : <==      Total: 0
2021-06-04 09:58:02.271 DEBUG 12444 --- [XNIO-1 task-8] r.c.H.n.r.UserMapper.selectByPrimaryKey  : ==>  Preparing: select id, user_uuid, user_name, password, real_name, age, sex, birth_day, user_level, phone, role, status, image_path, create_time, modify_time, last_active_time, deleted, wx_open_id from t_user where id = ? 
2021-06-04 09:58:02.272 DEBUG 12444 --- [XNIO-1 task-8] r.c.H.n.r.UserMapper.selectByPrimaryKey  : ==> Parameters: 1(Integer)
2021-06-04 09:58:02.275 DEBUG 12444 --- [XNIO-1 task-8] r.c.H.n.r.UserMapper.selectByPrimaryKey  : <==      Total: 1
2021-06-04 09:58:02.279 DEBUG 12444 --- [XNIO-1 task-8] r.c.H.n.r.UserMapper.updateByPrimaryKey  : ==>  Preparing: update t_user set user_uuid = ?, user_name = ?, password = ?, real_name = ?, age = ?, sex = ?, birth_day = ?, user_level = ?, phone = ?, role = ?, status = ?, image_path = ?, create_time = ?, modify_time = ?, last_active_time = ?, deleted = ?, wx_open_id = ? where id = ? 
2021-06-04 09:58:02.280 DEBUG 12444 --- [XNIO-1 task-8] r.c.H.n.r.UserMapper.updateByPrimaryKey  : ==> Parameters: d2d29da2-dcb3-4013-b874-727626236f47(String), student(String), D1AGFL+Gx37t0NPG4d6biYP5Z31cNbwhK5w1lUeiHB2zagqbk8efYfSjYoh1Z/j1dkiRjHU+b0EpwzCh8IGsksJjzD65ci5LsnodQVf4Uj6D3pwoscXGqmkjjpzvSJbx42swwNTA+QoDU8YLo7JhtbUK2X0qCjFGpd+8eJ5BGvk=(String), 学生(String), 18(Integer), 1(Integer), 2019-09-01 16:00:00.0(Timestamp), 1(Integer), 19171171610(String), 1(Integer), 1(Integer), http://xzs.file.mindskip.net/FijFVKZoIYmYMuyGmkAE_4KRyFld(String), 2019-09-07 18:55:02.0(Timestamp), 2021-06-04 09:58:02.276(Timestamp), null, false(Boolean), null, 1(Integer)
2021-06-04 09:58:02.281 DEBUG 12444 --- [XNIO-1 task-8] r.c.H.n.r.UserMapper.updateByPrimaryKey  : <==    Updates: 1
2021-06-04 09:58:02.284 DEBUG 12444 --- [XNIO-1 task-8] r.c.H.n.r.U.deleteByPrimaryKey           : ==>  Preparing: delete from t_user_token where id = ? 
2021-06-04 09:58:02.284 DEBUG 12444 --- [XNIO-1 task-8] r.c.H.n.r.U.deleteByPrimaryKey           : ==> Parameters: 5(Integer)
2021-06-04 09:58:02.285 DEBUG 12444 --- [XNIO-1 task-8] r.c.H.n.r.U.deleteByPrimaryKey           : <==    Updates: 1
2021-06-04 09:58:09.072 DEBUG 12444 --- [XNIO-1 task-9] r.c.H.n.r.UserMapper.getUserByUserName   : ==>  Preparing: select id, user_uuid, user_name, password, real_name, age, sex, birth_day, user_level, phone, role, status, image_path, create_time, modify_time, last_active_time, deleted, wx_open_id from t_user where deleted=0 and user_name=? limit 1 
2021-06-04 09:58:09.073 DEBUG 12444 --- [XNIO-1 task-9] r.c.H.n.r.UserMapper.getUserByUserName   : ==> Parameters: student(String)
2021-06-04 09:58:09.075 DEBUG 12444 --- [XNIO-1 task-9] r.c.H.n.r.UserMapper.getUserByUserName   : <==      Total: 1
2021-06-04 09:58:09.857 DEBUG 12444 --- [XNIO-1 task-9] r.c.H.n.r.U.updateByPrimaryKeySelective  : ==>  Preparing: update t_user SET user_uuid = ?, user_name = ?, password = ?, real_name = ?, age = ?, sex = ?, birth_day = ?, user_level = ?, phone = ?, role = ?, status = ?, image_path = ?, create_time = ?, modify_time = ?, deleted = ?, wx_open_id = ? where id = ? 
2021-06-04 09:58:09.858 DEBUG 12444 --- [XNIO-1 task-9] r.c.H.n.r.U.updateByPrimaryKeySelective  : ==> Parameters: d2d29da2-dcb3-4013-b874-727626236f47(String), student(String), D1AGFL+Gx37t0NPG4d6biYP5Z31cNbwhK5w1lUeiHB2zagqbk8efYfSjYoh1Z/j1dkiRjHU+b0EpwzCh8IGsksJjzD65ci5LsnodQVf4Uj6D3pwoscXGqmkjjpzvSJbx42swwNTA+QoDU8YLo7JhtbUK2X0qCjFGpd+8eJ5BGvk=(String), 学生(String), 18(Integer), 1(Integer), 2019-09-01 16:00:00.0(Timestamp), 1(Integer), 19171171610(String), 1(Integer), 1(Integer), http://xzs.file.mindskip.net/FijFVKZoIYmYMuyGmkAE_4KRyFld(String), 2019-09-07 18:55:02.0(Timestamp), 2021-06-04 09:58:09.854(Timestamp), false(Boolean), oKqW-5cLv0VK8q04X-1DosJykMSM(String), 1(Integer)
2021-06-04 09:58:09.859 DEBUG 12444 --- [XNIO-1 task-9] r.c.H.n.r.U.updateByPrimaryKeySelective  : <==    Updates: 1
2021-06-04 09:58:09.862 DEBUG 12444 --- [XNIO-1 task-9] r.c.H.n.r.U.updateByPrimaryKeySelective  : ==>  Preparing: update t_user SET user_uuid = ?, user_name = ?, password = ?, real_name = ?, age = ?, sex = ?, birth_day = ?, user_level = ?, phone = ?, role = ?, status = ?, image_path = ?, create_time = ?, modify_time = ?, deleted = ?, wx_open_id = ? where id = ? 
2021-06-04 09:58:09.863 DEBUG 12444 --- [XNIO-1 task-9] r.c.H.n.r.U.updateByPrimaryKeySelective  : ==> Parameters: d2d29da2-dcb3-4013-b874-727626236f47(String), student(String), D1AGFL+Gx37t0NPG4d6biYP5Z31cNbwhK5w1lUeiHB2zagqbk8efYfSjYoh1Z/j1dkiRjHU+b0EpwzCh8IGsksJjzD65ci5LsnodQVf4Uj6D3pwoscXGqmkjjpzvSJbx42swwNTA+QoDU8YLo7JhtbUK2X0qCjFGpd+8eJ5BGvk=(String), 学生(String), 18(Integer), 1(Integer), 2019-09-01 16:00:00.0(Timestamp), 1(Integer), 19171171610(String), 1(Integer), 1(Integer), http://xzs.file.mindskip.net/FijFVKZoIYmYMuyGmkAE_4KRyFld(String), 2019-09-07 18:55:02.0(Timestamp), 2021-06-04 09:58:09.854(Timestamp), false(Boolean), oKqW-5cLv0VK8q04X-1DosJykMSM(String), 1(Integer)
2021-06-04 09:58:09.864 DEBUG 12444 --- [XNIO-1 task-9] r.c.H.n.r.U.updateByPrimaryKeySelective  : <==    Updates: 1
2021-06-04 09:58:09.866 DEBUG 12444 --- [XNIO-1 task-9] r.c.H.n.r.U.insertSelective              : ==>  Preparing: insert into t_user_token ( token, user_id, wx_open_id, create_time, end_time, user_name ) values ( ?, ?, ?, ?, ?, ? ) 
2021-06-04 09:58:09.866 DEBUG 12444 --- [XNIO-1 task-9] r.c.H.n.r.U.insertSelective              : ==> Parameters: 2b4f63e2-2536-42da-8cd4-467941eb1be6(String), 1(Integer), oKqW-5cLv0VK8q04X-1DosJykMSM(String), 2021-06-04 09:58:09.861(Timestamp), 2021-06-04 21:58:09.861(Timestamp), student(String)
2021-06-04 09:58:09.868 DEBUG 12444 --- [XNIO-1 task-9] r.c.H.n.r.U.insertSelective              : <==    Updates: 1
2021-06-04 09:58:10.121 DEBUG 12444 --- [XNIO-1 task-10] r.c.H.n.r.UserMapper.getUserByUserName   : ==>  Preparing: select id, user_uuid, user_name, password, real_name, age, sex, birth_day, user_level, phone, role, status, image_path, create_time, modify_time, last_active_time, deleted, wx_open_id from t_user where deleted=0 and user_name=? limit 1 
2021-06-04 09:58:10.122 DEBUG 12444 --- [XNIO-1 task-10] r.c.H.n.r.UserMapper.getUserByUserName   : ==> Parameters: student(String)
2021-06-04 09:58:10.124 DEBUG 12444 --- [XNIO-1 task-10] r.c.H.n.r.UserMapper.getUserByUserName   : <==      Total: 1
2021-06-04 09:58:10.128 DEBUG 12444 --- [XNIO-1 task-10] r.c.H.n.r.ExamPaperMapper.indexPaper     : ==>  Preparing: SELECT id,name,limit_start_time,limit_end_time FROM t_exam_paper WHERE deleted=0 and paper_type= ? and grade_level=? ORDER BY id desc limit 5 
2021-06-04 09:58:10.128 DEBUG 12444 --- [XNIO-1 task-10] r.c.H.n.r.ExamPaperMapper.indexPaper     : ==> Parameters: 1(Integer), 1(Integer)
2021-06-04 09:58:10.130 DEBUG 12444 --- [XNIO-1 task-10] r.c.H.n.r.ExamPaperMapper.indexPaper     : <==      Total: 0
2021-06-04 09:58:10.132 DEBUG 12444 --- [XNIO-1 task-10] r.c.H.n.r.ExamPaperMapper.indexPaper     : ==>  Preparing: SELECT id,name,limit_start_time,limit_end_time FROM t_exam_paper WHERE deleted=0 and paper_type= ? and grade_level=? and ? between limit_start_time and limit_end_time ORDER BY id desc limit 5 
2021-06-04 09:58:10.133 DEBUG 12444 --- [XNIO-1 task-10] r.c.H.n.r.ExamPaperMapper.indexPaper     : ==> Parameters: 4(Integer), 1(Integer), 2021-06-04 09:58:10.131(Timestamp)
2021-06-04 09:58:10.134 DEBUG 12444 --- [XNIO-1 task-10] r.c.H.n.r.ExamPaperMapper.indexPaper     : <==      Total: 0
2021-06-04 09:58:10.154 DEBUG 12444 --- [XNIO-1 task-11] r.c.H.n.r.T.getByGradeLevel              : ==>  Preparing: select id, title, grade_level, frame_text_content_id, create_user, create_time, deleted, create_user_name from t_task_exam where deleted=0 and grade_level = ? 
2021-06-04 09:58:10.155 DEBUG 12444 --- [XNIO-1 task-11] r.c.H.n.r.T.getByGradeLevel              : ==> Parameters: 1(Integer)
2021-06-04 09:58:10.156 DEBUG 12444 --- [XNIO-1 task-11] r.c.H.n.r.T.getByGradeLevel              : <==      Total: 0
